Performing C SOURCE FILE Test CMAKE_HAVE_LIBC_PTHREAD failed with the following output:
Change Dir: /home/wangluhan/code/IPDPS/looynu/VNEC/build/CMakeFiles/CMakeTmp

Run Build Command(s):/usr/bin/gmake -f Makefile cmTC_00477/fast && /usr/bin/gmake  -f CMakeFiles/cmTC_00477.dir/build.make CMakeFiles/cmTC_00477.dir/build
gmake[1]: Entering directory '/home/wangluhan/code/IPDPS/looynu/VNEC/build/CMakeFiles/CMakeTmp'
Building C object CMakeFiles/cmTC_00477.dir/src.c.o
/usr/local/bin/gcc -DCMAKE_HAVE_LIBC_PTHREAD  -DARM_NEON  -o CMakeFiles/cmTC_00477.dir/src.c.o -c /home/wangluhan/code/IPDPS/looynu/VNEC/build/CMakeFiles/CMakeTmp/src.c
Linking C executable cmTC_00477
/usr/local/bin/cmake -E cmake_link_script CMakeFiles/cmTC_00477.dir/link.txt --verbose=1
/usr/local/bin/gcc   -DARM_NEON  CMakeFiles/cmTC_00477.dir/src.c.o -o cmTC_00477 
/usr/bin/ld: CMakeFiles/cmTC_00477.dir/src.c.o: in function `main':
src.c:(.text+0x34): undefined reference to `pthread_create'
/usr/bin/ld: src.c:(.text+0x3c): undefined reference to `pthread_detach'
/usr/bin/ld: src.c:(.text+0x44): undefined reference to `pthread_cancel'
/usr/bin/ld: src.c:(.text+0x50): undefined reference to `pthread_join'
collect2: error: ld returned 1 exit status
gmake[1]: *** [CMakeFiles/cmTC_00477.dir/build.make:99: cmTC_00477] Error 1
gmake[1]: Leaving directory '/home/wangluhan/code/IPDPS/looynu/VNEC/build/CMakeFiles/CMakeTmp'
gmake: *** [Makefile:127: cmTC_00477/fast] Error 2


Source file was:
#include <pthread.h>

static void* test_func(void* data)
{
  return data;
}

int main(void)
{
  pthread_t thread;
  pthread_create(&thread, NULL, test_func, NULL);
  pthread_detach(thread);
  pthread_cancel(thread);
  pthread_join(thread, NULL);
  pthread_atfork(NULL, NULL, NULL);
  pthread_exit(NULL);

  return 0;
}

Determining if the function pthread_create exists in the pthreads failed with the following output:
Change Dir: /home/wangluhan/code/IPDPS/looynu/VNEC/build/CMakeFiles/CMakeTmp

Run Build Command(s):/usr/bin/gmake -f Makefile cmTC_2acc3/fast && /usr/bin/gmake  -f CMakeFiles/cmTC_2acc3.dir/build.make CMakeFiles/cmTC_2acc3.dir/build
gmake[1]: Entering directory '/home/wangluhan/code/IPDPS/looynu/VNEC/build/CMakeFiles/CMakeTmp'
Building C object CMakeFiles/cmTC_2acc3.dir/CheckFunctionExists.c.o
/usr/local/bin/gcc   -DARM_NEON -DCHECK_FUNCTION_EXISTS=pthread_create -o CMakeFiles/cmTC_2acc3.dir/CheckFunctionExists.c.o -c /usr/local/share/cmake-3.20/Modules/CheckFunctionExists.c
Linking C executable cmTC_2acc3
/usr/local/bin/cmake -E cmake_link_script CMakeFiles/cmTC_2acc3.dir/link.txt --verbose=1
/usr/local/bin/gcc   -DARM_NEON -DCHECK_FUNCTION_EXISTS=pthread_create CMakeFiles/cmTC_2acc3.dir/CheckFunctionExists.c.o -o cmTC_2acc3  -lpthreads 
/usr/bin/ld: cannot find -lpthreads
collect2: error: ld returned 1 exit status
gmake[1]: *** [CMakeFiles/cmTC_2acc3.dir/build.make:99: cmTC_2acc3] Error 1
gmake[1]: Leaving directory '/home/wangluhan/code/IPDPS/looynu/VNEC/build/CMakeFiles/CMakeTmp'
gmake: *** [Makefile:127: cmTC_2acc3/fast] Error 2



