The system is: Linux - 4.19.90-2109.1.0.0108.oe1.aarch64 - aarch64
Compiling the CXX compiler identification source file "CMakeCXXCompilerId.cpp" succeeded.
Compiler: /usr/local/bin/c++ 
Build flags: 
Id flags:  

The output was:
0


Compilation of the CXX compiler identification source "CMakeCXXCompilerId.cpp" produced "a.out"

The CXX compiler identification is GNU, found in "/home/wangluhan/code/IPDPS/looynu/VNEC/build/CMakeFiles/3.20.1/CompilerIdCXX/a.out"

Compiling the C compiler identification source file "CMakeCCompilerId.c" succeeded.
Compiler: /usr/local/bin/gcc 
Build flags: 
Id flags:  

The output was:
0


Compilation of the C compiler identification source "CMakeCCompilerId.c" produced "a.out"

The C compiler identification is GNU, found in "/home/wangluhan/code/IPDPS/looynu/VNEC/build/CMakeFiles/3.20.1/CompilerIdC/a.out"

Detecting CXX compiler ABI info compiled with the following output:
Change Dir: /home/wangluhan/code/IPDPS/looynu/VNEC/build/CMakeFiles/CMakeTmp

Run Build Command(s):/usr/bin/gmake -f Makefile cmTC_58b13/fast && /usr/bin/gmake  -f CMakeFiles/cmTC_58b13.dir/build.make CMakeFiles/cmTC_58b13.dir/build
gmake[1]: Entering directory '/home/wangluhan/code/IPDPS/looynu/VNEC/build/CMakeFiles/CMakeTmp'
Building CXX object CMakeFiles/cmTC_58b13.dir/CMakeCXXCompilerABI.cpp.o
/usr/local/bin/c++   -v -o CMakeFiles/cmTC_58b13.dir/CMakeCXXCompilerABI.cpp.o -c /usr/local/share/cmake-3.20/Modules/CMakeCXXCompilerABI.cpp
Using built-in specs.
COLLECT_GCC=/usr/local/bin/c++
Target: aarch64-unknown-linux-gnu
Configured with: ../configure --enable-bootstrap --enable-shared --enable-threads=posix --enable-checking=release --with-system-zlib --enable-__cxa_atexit --disable-libunwind-exceptions --enable-gnu-unique-object --enable-linker-build-id --with-linker-hash-style=gnu --enable-languages=c,c++,fortran --enable-plugin --enable-initfini-array --disable-libgcj --enable-gnu-indirect-functio --disable-multilib
Thread model: posix
gcc version 7.5.0 (GCC) 
COLLECT_GCC_OPTIONS='-v' '-o' 'CMakeFiles/cmTC_58b13.dir/CMakeCXXCompilerABI.cpp.o' '-c' '-shared-libgcc' '-mlittle-endian' '-mabi=lp64'
 /usr/local/libexec/gcc/aarch64-unknown-linux-gnu/7.5.0/cc1plus -quiet -v -D_GNU_SOURCE /usr/local/share/cmake-3.20/Modules/CMakeCXXCompilerABI.cpp -quiet -dumpbase CMakeCXXCompilerABI.cpp -mlittle-endian -mabi=lp64 -auxbase-strip CMakeFiles/cmTC_58b13.dir/CMakeCXXCompilerABI.cpp.o -version -o /tmp/cc0CA4pT.s
GNU C++14 (GCC) version 7.5.0 (aarch64-unknown-linux-gnu)
	compiled by GNU C version 7.5.0, GMP version 6.1.0, MPFR version 3.1.4, MPC version 1.0.3, isl version isl-0.16.1-GMP

GGC heuristics: --param ggc-min-expand=100 --param ggc-min-heapsize=131072
ignoring nonexistent directory "/usr/local/lib/gcc/aarch64-unknown-linux-gnu/7.5.0/../../../../aarch64-unknown-linux-gnu/include"
#include "..." search starts here:
#include <...> search starts here:
 /usr/local/lib/gcc/aarch64-unknown-linux-gnu/7.5.0/../../../../include/c++/7.5.0
 /usr/local/lib/gcc/aarch64-unknown-linux-gnu/7.5.0/../../../../include/c++/7.5.0/aarch64-unknown-linux-gnu
 /usr/local/lib/gcc/aarch64-unknown-linux-gnu/7.5.0/../../../../include/c++/7.5.0/backward
 /usr/local/lib/gcc/aarch64-unknown-linux-gnu/7.5.0/include
 /usr/local/include
 /usr/local/lib/gcc/aarch64-unknown-linux-gnu/7.5.0/include-fixed
 /usr/include
End of search list.
GNU C++14 (GCC) version 7.5.0 (aarch64-unknown-linux-gnu)
	compiled by GNU C version 7.5.0, GMP version 6.1.0, MPFR version 3.1.4, MPC version 1.0.3, isl version isl-0.16.1-GMP

GGC heuristics: --param ggc-min-expand=100 --param ggc-min-heapsize=131072
Compiler executable checksum: 8d59ede15e6ef6dc7427c63fa887a5de
COLLECT_GCC_OPTIONS='-v' '-o' 'CMakeFiles/cmTC_58b13.dir/CMakeCXXCompilerABI.cpp.o' '-c' '-shared-libgcc' '-mlittle-endian' '-mabi=lp64'
 as -v -EL -mabi=lp64 -o CMakeFiles/cmTC_58b13.dir/CMakeCXXCompilerABI.cpp.o /tmp/cc0CA4pT.s
GNU assembler version 2.34 (aarch64-openEuler-linux) using BFD version (GNU Binutils) 2.34
COMPILER_PATH=/usr/local/libexec/gcc/aarch64-unknown-linux-gnu/7.5.0/:/usr/local/libexec/gcc/aarch64-unknown-linux-gnu/7.5.0/:/usr/local/libexec/gcc/aarch64-unknown-linux-gnu/:/usr/local/lib/gcc/aarch64-unknown-linux-gnu/7.5.0/:/usr/local/lib/gcc/aarch64-unknown-linux-gnu/
LIBRARY_PATH=/usr/local/lib/gcc/aarch64-unknown-linux-gnu/7.5.0/:/usr/local/lib/gcc/aarch64-unknown-linux-gnu/7.5.0/../../../../lib64/:/lib/../lib64/:/usr/lib/../lib64/:/usr/local/lib/gcc/aarch64-unknown-linux-gnu/7.5.0/../../../:/lib/:/usr/lib/
COLLECT_GCC_OPTIONS='-v' '-o' 'CMakeFiles/cmTC_58b13.dir/CMakeCXXCompilerABI.cpp.o' '-c' '-shared-libgcc' '-mlittle-endian' '-mabi=lp64'
Linking CXX executable cmTC_58b13
/usr/local/bin/cmake -E cmake_link_script CMakeFiles/cmTC_58b13.dir/link.txt --verbose=1
/usr/local/bin/c++  -v CMakeFiles/cmTC_58b13.dir/CMakeCXXCompilerABI.cpp.o -o cmTC_58b13 
Using built-in specs.
COLLECT_GCC=/usr/local/bin/c++
COLLECT_LTO_WRAPPER=/usr/local/libexec/gcc/aarch64-unknown-linux-gnu/7.5.0/lto-wrapper
Target: aarch64-unknown-linux-gnu
Configured with: ../configure --enable-bootstrap --enable-shared --enable-threads=posix --enable-checking=release --with-system-zlib --enable-__cxa_atexit --disable-libunwind-exceptions --enable-gnu-unique-object --enable-linker-build-id --with-linker-hash-style=gnu --enable-languages=c,c++,fortran --enable-plugin --enable-initfini-array --disable-libgcj --enable-gnu-indirect-functio --disable-multilib
Thread model: posix
gcc version 7.5.0 (GCC) 
COMPILER_PATH=/usr/local/libexec/gcc/aarch64-unknown-linux-gnu/7.5.0/:/usr/local/libexec/gcc/aarch64-unknown-linux-gnu/7.5.0/:/usr/local/libexec/gcc/aarch64-unknown-linux-gnu/:/usr/local/lib/gcc/aarch64-unknown-linux-gnu/7.5.0/:/usr/local/lib/gcc/aarch64-unknown-linux-gnu/
LIBRARY_PATH=/usr/local/lib/gcc/aarch64-unknown-linux-gnu/7.5.0/:/usr/local/lib/gcc/aarch64-unknown-linux-gnu/7.5.0/../../../../lib64/:/lib/../lib64/:/usr/lib/../lib64/:/usr/local/lib/gcc/aarch64-unknown-linux-gnu/7.5.0/../../../:/lib/:/usr/lib/
COLLECT_GCC_OPTIONS='-v' '-o' 'cmTC_58b13' '-shared-libgcc' '-mlittle-endian' '-mabi=lp64'
 /usr/local/libexec/gcc/aarch64-unknown-linux-gnu/7.5.0/collect2 -plugin /usr/local/libexec/gcc/aarch64-unknown-linux-gnu/7.5.0/liblto_plugin.so -plugin-opt=/usr/local/libexec/gcc/aarch64-unknown-linux-gnu/7.5.0/lto-wrapper -plugin-opt=-fresolution=/tmp/ccV1HacX.res -plugin-opt=-pass-through=-lgcc_s -plugin-opt=-pass-through=-lgcc -plugin-opt=-pass-through=-lc -plugin-opt=-pass-through=-lgcc_s -plugin-opt=-pass-through=-lgcc --build-id --eh-frame-hdr --hash-style=gnu -dynamic-linker /lib/ld-linux-aarch64.so.1 -X -EL -maarch64linux -o cmTC_58b13 /lib/../lib64/crt1.o /lib/../lib64/crti.o /usr/local/lib/gcc/aarch64-unknown-linux-gnu/7.5.0/crtbegin.o -L/usr/local/lib/gcc/aarch64-unknown-linux-gnu/7.5.0 -L/usr/local/lib/gcc/aarch64-unknown-linux-gnu/7.5.0/../../../../lib64 -L/lib/../lib64 -L/usr/lib/../lib64 -L/usr/local/lib/gcc/aarch64-unknown-linux-gnu/7.5.0/../../.. CMakeFiles/cmTC_58b13.dir/CMakeCXXCompilerABI.cpp.o -lstdc++ -lm -lgcc_s -lgcc -lc -lgcc_s -lgcc /usr/local/lib/gcc/aarch64-unknown-linux-gnu/7.5.0/crtend.o /lib/../lib64/crtn.o
COLLECT_GCC_OPTIONS='-v' '-o' 'cmTC_58b13' '-shared-libgcc' '-mlittle-endian' '-mabi=lp64'
gmake[1]: Leaving directory '/home/wangluhan/code/IPDPS/looynu/VNEC/build/CMakeFiles/CMakeTmp'



Parsed CXX implicit include dir info from above output: rv=done
  found start of include info
  found start of implicit include info
    add: [/usr/local/lib/gcc/aarch64-unknown-linux-gnu/7.5.0/../../../../include/c++/7.5.0]
    add: [/usr/local/lib/gcc/aarch64-unknown-linux-gnu/7.5.0/../../../../include/c++/7.5.0/aarch64-unknown-linux-gnu]
    add: [/usr/local/lib/gcc/aarch64-unknown-linux-gnu/7.5.0/../../../../include/c++/7.5.0/backward]
    add: [/usr/local/lib/gcc/aarch64-unknown-linux-gnu/7.5.0/include]
    add: [/usr/local/include]
    add: [/usr/local/lib/gcc/aarch64-unknown-linux-gnu/7.5.0/include-fixed]
    add: [/usr/include]
  end of search list found
  collapse include dir [/usr/local/lib/gcc/aarch64-unknown-linux-gnu/7.5.0/../../../../include/c++/7.5.0] ==> [/usr/local/include/c++/7.5.0]
  collapse include dir [/usr/local/lib/gcc/aarch64-unknown-linux-gnu/7.5.0/../../../../include/c++/7.5.0/aarch64-unknown-linux-gnu] ==> [/usr/local/include/c++/7.5.0/aarch64-unknown-linux-gnu]
  collapse include dir [/usr/local/lib/gcc/aarch64-unknown-linux-gnu/7.5.0/../../../../include/c++/7.5.0/backward] ==> [/usr/local/include/c++/7.5.0/backward]
  collapse include dir [/usr/local/lib/gcc/aarch64-unknown-linux-gnu/7.5.0/include] ==> [/usr/local/lib/gcc/aarch64-unknown-linux-gnu/7.5.0/include]
  collapse include dir [/usr/local/include] ==> [/usr/local/include]
  collapse include dir [/usr/local/lib/gcc/aarch64-unknown-linux-gnu/7.5.0/include-fixed] ==> [/usr/local/lib/gcc/aarch64-unknown-linux-gnu/7.5.0/include-fixed]
  collapse include dir [/usr/include] ==> [/usr/include]
  implicit include dirs: [/usr/local/include/c++/7.5.0;/usr/local/include/c++/7.5.0/aarch64-unknown-linux-gnu;/usr/local/include/c++/7.5.0/backward;/usr/local/lib/gcc/aarch64-unknown-linux-gnu/7.5.0/include;/usr/local/include;/usr/local/lib/gcc/aarch64-unknown-linux-gnu/7.5.0/include-fixed;/usr/include]


Parsed CXX implicit link information from above output:
  link line regex: [^( *|.*[/\])(ld|CMAKE_LINK_STARTFILE-NOTFOUND|([^/\]+-)?ld|collect2)[^/\]*( |$)]
  ignore line: [Change Dir: /home/wangluhan/code/IPDPS/looynu/VNEC/build/CMakeFiles/CMakeTmp]
  ignore line: []
  ignore line: [Run Build Command(s):/usr/bin/gmake -f Makefile cmTC_58b13/fast && /usr/bin/gmake  -f CMakeFiles/cmTC_58b13.dir/build.make CMakeFiles/cmTC_58b13.dir/build]
  ignore line: [gmake[1]: Entering directory '/home/wangluhan/code/IPDPS/looynu/VNEC/build/CMakeFiles/CMakeTmp']
  ignore line: [Building CXX object CMakeFiles/cmTC_58b13.dir/CMakeCXXCompilerABI.cpp.o]
  ignore line: [/usr/local/bin/c++   -v -o CMakeFiles/cmTC_58b13.dir/CMakeCXXCompilerABI.cpp.o -c /usr/local/share/cmake-3.20/Modules/CMakeCXXCompilerABI.cpp]
  ignore line: [Using built-in specs.]
  ignore line: [COLLECT_GCC=/usr/local/bin/c++]
  ignore line: [Target: aarch64-unknown-linux-gnu]
  ignore line: [Configured with: ../configure --enable-bootstrap --enable-shared --enable-threads=posix --enable-checking=release --with-system-zlib --enable-__cxa_atexit --disable-libunwind-exceptions --enable-gnu-unique-object --enable-linker-build-id --with-linker-hash-style=gnu --enable-languages=c c++ fortran --enable-plugin --enable-initfini-array --disable-libgcj --enable-gnu-indirect-functio --disable-multilib]
  ignore line: [Thread model: posix]
  ignore line: [gcc version 7.5.0 (GCC) ]
  ignore line: [COLLECT_GCC_OPTIONS='-v' '-o' 'CMakeFiles/cmTC_58b13.dir/CMakeCXXCompilerABI.cpp.o' '-c' '-shared-libgcc' '-mlittle-endian' '-mabi=lp64']
  ignore line: [ /usr/local/libexec/gcc/aarch64-unknown-linux-gnu/7.5.0/cc1plus -quiet -v -D_GNU_SOURCE /usr/local/share/cmake-3.20/Modules/CMakeCXXCompilerABI.cpp -quiet -dumpbase CMakeCXXCompilerABI.cpp -mlittle-endian -mabi=lp64 -auxbase-strip CMakeFiles/cmTC_58b13.dir/CMakeCXXCompilerABI.cpp.o -version -o /tmp/cc0CA4pT.s]
  ignore line: [GNU C++14 (GCC) version 7.5.0 (aarch64-unknown-linux-gnu)]
  ignore line: [	compiled by GNU C version 7.5.0  GMP version 6.1.0  MPFR version 3.1.4  MPC version 1.0.3  isl version isl-0.16.1-GMP]
  ignore line: []
  ignore line: [GGC heuristics: --param ggc-min-expand=100 --param ggc-min-heapsize=131072]
  ignore line: [ignoring nonexistent directory "/usr/local/lib/gcc/aarch64-unknown-linux-gnu/7.5.0/../../../../aarch64-unknown-linux-gnu/include"]
  ignore line: [#include "..." search starts here:]
  ignore line: [#include <...> search starts here:]
  ignore line: [ /usr/local/lib/gcc/aarch64-unknown-linux-gnu/7.5.0/../../../../include/c++/7.5.0]
  ignore line: [ /usr/local/lib/gcc/aarch64-unknown-linux-gnu/7.5.0/../../../../include/c++/7.5.0/aarch64-unknown-linux-gnu]
  ignore line: [ /usr/local/lib/gcc/aarch64-unknown-linux-gnu/7.5.0/../../../../include/c++/7.5.0/backward]
  ignore line: [ /usr/local/lib/gcc/aarch64-unknown-linux-gnu/7.5.0/include]
  ignore line: [ /usr/local/include]
  ignore line: [ /usr/local/lib/gcc/aarch64-unknown-linux-gnu/7.5.0/include-fixed]
  ignore line: [ /usr/include]
  ignore line: [End of search list.]
  ignore line: [GNU C++14 (GCC) version 7.5.0 (aarch64-unknown-linux-gnu)]
  ignore line: [	compiled by GNU C version 7.5.0  GMP version 6.1.0  MPFR version 3.1.4  MPC version 1.0.3  isl version isl-0.16.1-GMP]
  ignore line: []
  ignore line: [GGC heuristics: --param ggc-min-expand=100 --param ggc-min-heapsize=131072]
  ignore line: [Compiler executable checksum: 8d59ede15e6ef6dc7427c63fa887a5de]
  ignore line: [COLLECT_GCC_OPTIONS='-v' '-o' 'CMakeFiles/cmTC_58b13.dir/CMakeCXXCompilerABI.cpp.o' '-c' '-shared-libgcc' '-mlittle-endian' '-mabi=lp64']
  ignore line: [ as -v -EL -mabi=lp64 -o CMakeFiles/cmTC_58b13.dir/CMakeCXXCompilerABI.cpp.o /tmp/cc0CA4pT.s]
  ignore line: [GNU assembler version 2.34 (aarch64-openEuler-linux) using BFD version (GNU Binutils) 2.34]
  ignore line: [COMPILER_PATH=/usr/local/libexec/gcc/aarch64-unknown-linux-gnu/7.5.0/:/usr/local/libexec/gcc/aarch64-unknown-linux-gnu/7.5.0/:/usr/local/libexec/gcc/aarch64-unknown-linux-gnu/:/usr/local/lib/gcc/aarch64-unknown-linux-gnu/7.5.0/:/usr/local/lib/gcc/aarch64-unknown-linux-gnu/]
  ignore line: [LIBRARY_PATH=/usr/local/lib/gcc/aarch64-unknown-linux-gnu/7.5.0/:/usr/local/lib/gcc/aarch64-unknown-linux-gnu/7.5.0/../../../../lib64/:/lib/../lib64/:/usr/lib/../lib64/:/usr/local/lib/gcc/aarch64-unknown-linux-gnu/7.5.0/../../../:/lib/:/usr/lib/]
  ignore line: [COLLECT_GCC_OPTIONS='-v' '-o' 'CMakeFiles/cmTC_58b13.dir/CMakeCXXCompilerABI.cpp.o' '-c' '-shared-libgcc' '-mlittle-endian' '-mabi=lp64']
  ignore line: [Linking CXX executable cmTC_58b13]
  ignore line: [/usr/local/bin/cmake -E cmake_link_script CMakeFiles/cmTC_58b13.dir/link.txt --verbose=1]
  ignore line: [/usr/local/bin/c++  -v CMakeFiles/cmTC_58b13.dir/CMakeCXXCompilerABI.cpp.o -o cmTC_58b13 ]
  ignore line: [Using built-in specs.]
  ignore line: [COLLECT_GCC=/usr/local/bin/c++]
  ignore line: [COLLECT_LTO_WRAPPER=/usr/local/libexec/gcc/aarch64-unknown-linux-gnu/7.5.0/lto-wrapper]
  ignore line: [Target: aarch64-unknown-linux-gnu]
  ignore line: [Configured with: ../configure --enable-bootstrap --enable-shared --enable-threads=posix --enable-checking=release --with-system-zlib --enable-__cxa_atexit --disable-libunwind-exceptions --enable-gnu-unique-object --enable-linker-build-id --with-linker-hash-style=gnu --enable-languages=c c++ fortran --enable-plugin --enable-initfini-array --disable-libgcj --enable-gnu-indirect-functio --disable-multilib]
  ignore line: [Thread model: posix]
  ignore line: [gcc version 7.5.0 (GCC) ]
  ignore line: [COMPILER_PATH=/usr/local/libexec/gcc/aarch64-unknown-linux-gnu/7.5.0/:/usr/local/libexec/gcc/aarch64-unknown-linux-gnu/7.5.0/:/usr/local/libexec/gcc/aarch64-unknown-linux-gnu/:/usr/local/lib/gcc/aarch64-unknown-linux-gnu/7.5.0/:/usr/local/lib/gcc/aarch64-unknown-linux-gnu/]
  ignore line: [LIBRARY_PATH=/usr/local/lib/gcc/aarch64-unknown-linux-gnu/7.5.0/:/usr/local/lib/gcc/aarch64-unknown-linux-gnu/7.5.0/../../../../lib64/:/lib/../lib64/:/usr/lib/../lib64/:/usr/local/lib/gcc/aarch64-unknown-linux-gnu/7.5.0/../../../:/lib/:/usr/lib/]
  ignore line: [COLLECT_GCC_OPTIONS='-v' '-o' 'cmTC_58b13' '-shared-libgcc' '-mlittle-endian' '-mabi=lp64']
  link line: [ /usr/local/libexec/gcc/aarch64-unknown-linux-gnu/7.5.0/collect2 -plugin /usr/local/libexec/gcc/aarch64-unknown-linux-gnu/7.5.0/liblto_plugin.so -plugin-opt=/usr/local/libexec/gcc/aarch64-unknown-linux-gnu/7.5.0/lto-wrapper -plugin-opt=-fresolution=/tmp/ccV1HacX.res -plugin-opt=-pass-through=-lgcc_s -plugin-opt=-pass-through=-lgcc -plugin-opt=-pass-through=-lc -plugin-opt=-pass-through=-lgcc_s -plugin-opt=-pass-through=-lgcc --build-id --eh-frame-hdr --hash-style=gnu -dynamic-linker /lib/ld-linux-aarch64.so.1 -X -EL -maarch64linux -o cmTC_58b13 /lib/../lib64/crt1.o /lib/../lib64/crti.o /usr/local/lib/gcc/aarch64-unknown-linux-gnu/7.5.0/crtbegin.o -L/usr/local/lib/gcc/aarch64-unknown-linux-gnu/7.5.0 -L/usr/local/lib/gcc/aarch64-unknown-linux-gnu/7.5.0/../../../../lib64 -L/lib/../lib64 -L/usr/lib/../lib64 -L/usr/local/lib/gcc/aarch64-unknown-linux-gnu/7.5.0/../../.. CMakeFiles/cmTC_58b13.dir/CMakeCXXCompilerABI.cpp.o -lstdc++ -lm -lgcc_s -lgcc -lc -lgcc_s -lgcc /usr/local/lib/gcc/aarch64-unknown-linux-gnu/7.5.0/crtend.o /lib/../lib64/crtn.o]
    arg [/usr/local/libexec/gcc/aarch64-unknown-linux-gnu/7.5.0/collect2] ==> ignore
    arg [-plugin] ==> ignore
    arg [/usr/local/libexec/gcc/aarch64-unknown-linux-gnu/7.5.0/liblto_plugin.so] ==> ignore
    arg [-plugin-opt=/usr/local/libexec/gcc/aarch64-unknown-linux-gnu/7.5.0/lto-wrapper] ==> ignore
    arg [-plugin-opt=-fresolution=/tmp/ccV1HacX.res] ==> ignore
    arg [-plugin-opt=-pass-through=-lgcc_s] ==> ignore
    arg [-plugin-opt=-pass-through=-lgcc] ==> ignore
    arg [-plugin-opt=-pass-through=-lc] ==> ignore
    arg [-plugin-opt=-pass-through=-lgcc_s] ==> ignore
    arg [-plugin-opt=-pass-through=-lgcc] ==> ignore
    arg [--build-id] ==> ignore
    arg [--eh-frame-hdr] ==> ignore
    arg [--hash-style=gnu] ==> ignore
    arg [-dynamic-linker] ==> ignore
    arg [/lib/ld-linux-aarch64.so.1] ==> ignore
    arg [-X] ==> ignore
    arg [-EL] ==> ignore
    arg [-maarch64linux] ==> ignore
    arg [-o] ==> ignore
    arg [cmTC_58b13] ==> ignore
    arg [/lib/../lib64/crt1.o] ==> obj [/lib/../lib64/crt1.o]
    arg [/lib/../lib64/crti.o] ==> obj [/lib/../lib64/crti.o]
    arg [/usr/local/lib/gcc/aarch64-unknown-linux-gnu/7.5.0/crtbegin.o] ==> obj [/usr/local/lib/gcc/aarch64-unknown-linux-gnu/7.5.0/crtbegin.o]
    arg [-L/usr/local/lib/gcc/aarch64-unknown-linux-gnu/7.5.0] ==> dir [/usr/local/lib/gcc/aarch64-unknown-linux-gnu/7.5.0]
    arg [-L/usr/local/lib/gcc/aarch64-unknown-linux-gnu/7.5.0/../../../../lib64] ==> dir [/usr/local/lib/gcc/aarch64-unknown-linux-gnu/7.5.0/../../../../lib64]
    arg [-L/lib/../lib64] ==> dir [/lib/../lib64]
    arg [-L/usr/lib/../lib64] ==> dir [/usr/lib/../lib64]
    arg [-L/usr/local/lib/gcc/aarch64-unknown-linux-gnu/7.5.0/../../..] ==> dir [/usr/local/lib/gcc/aarch64-unknown-linux-gnu/7.5.0/../../..]
    arg [CMakeFiles/cmTC_58b13.dir/CMakeCXXCompilerABI.cpp.o] ==> ignore
    arg [-lstdc++] ==> lib [stdc++]
    arg [-lm] ==> lib [m]
    arg [-lgcc_s] ==> lib [gcc_s]
    arg [-lgcc] ==> lib [gcc]
    arg [-lc] ==> lib [c]
    arg [-lgcc_s] ==> lib [gcc_s]
    arg [-lgcc] ==> lib [gcc]
    arg [/usr/local/lib/gcc/aarch64-unknown-linux-gnu/7.5.0/crtend.o] ==> obj [/usr/local/lib/gcc/aarch64-unknown-linux-gnu/7.5.0/crtend.o]
    arg [/lib/../lib64/crtn.o] ==> obj [/lib/../lib64/crtn.o]
  collapse obj [/lib/../lib64/crt1.o] ==> [/lib64/crt1.o]
  collapse obj [/lib/../lib64/crti.o] ==> [/lib64/crti.o]
  collapse obj [/lib/../lib64/crtn.o] ==> [/lib64/crtn.o]
  collapse library dir [/usr/local/lib/gcc/aarch64-unknown-linux-gnu/7.5.0] ==> [/usr/local/lib/gcc/aarch64-unknown-linux-gnu/7.5.0]
  collapse library dir [/usr/local/lib/gcc/aarch64-unknown-linux-gnu/7.5.0/../../../../lib64] ==> [/usr/local/lib64]
  collapse library dir [/lib/../lib64] ==> [/lib64]
  collapse library dir [/usr/lib/../lib64] ==> [/usr/lib64]
  collapse library dir [/usr/local/lib/gcc/aarch64-unknown-linux-gnu/7.5.0/../../..] ==> [/usr/local/lib]
  implicit libs: [stdc++;m;gcc_s;gcc;c;gcc_s;gcc]
  implicit objs: [/lib64/crt1.o;/lib64/crti.o;/usr/local/lib/gcc/aarch64-unknown-linux-gnu/7.5.0/crtbegin.o;/usr/local/lib/gcc/aarch64-unknown-linux-gnu/7.5.0/crtend.o;/lib64/crtn.o]
  implicit dirs: [/usr/local/lib/gcc/aarch64-unknown-linux-gnu/7.5.0;/usr/local/lib64;/lib64;/usr/lib64;/usr/local/lib]
  implicit fwks: []


Detecting C compiler ABI info compiled with the following output:
Change Dir: /home/wangluhan/code/IPDPS/looynu/VNEC/build/CMakeFiles/CMakeTmp

Run Build Command(s):/usr/bin/gmake -f Makefile cmTC_92691/fast && /usr/bin/gmake  -f CMakeFiles/cmTC_92691.dir/build.make CMakeFiles/cmTC_92691.dir/build
gmake[1]: Entering directory '/home/wangluhan/code/IPDPS/looynu/VNEC/build/CMakeFiles/CMakeTmp'
Building C object CMakeFiles/cmTC_92691.dir/CMakeCCompilerABI.c.o
/usr/local/bin/gcc   -v -o CMakeFiles/cmTC_92691.dir/CMakeCCompilerABI.c.o -c /usr/local/share/cmake-3.20/Modules/CMakeCCompilerABI.c
Using built-in specs.
COLLECT_GCC=/usr/local/bin/gcc
Target: aarch64-unknown-linux-gnu
Configured with: ../configure --enable-bootstrap --enable-shared --enable-threads=posix --enable-checking=release --with-system-zlib --enable-__cxa_atexit --disable-libunwind-exceptions --enable-gnu-unique-object --enable-linker-build-id --with-linker-hash-style=gnu --enable-languages=c,c++,fortran --enable-plugin --enable-initfini-array --disable-libgcj --enable-gnu-indirect-functio --disable-multilib
Thread model: posix
gcc version 7.5.0 (GCC) 
COLLECT_GCC_OPTIONS='-v' '-o' 'CMakeFiles/cmTC_92691.dir/CMakeCCompilerABI.c.o' '-c' '-mlittle-endian' '-mabi=lp64'
 /usr/local/libexec/gcc/aarch64-unknown-linux-gnu/7.5.0/cc1 -quiet -v /usr/local/share/cmake-3.20/Modules/CMakeCCompilerABI.c -quiet -dumpbase CMakeCCompilerABI.c -mlittle-endian -mabi=lp64 -auxbase-strip CMakeFiles/cmTC_92691.dir/CMakeCCompilerABI.c.o -version -o /tmp/ccFsnQn1.s
GNU C11 (GCC) version 7.5.0 (aarch64-unknown-linux-gnu)
	compiled by GNU C version 7.5.0, GMP version 6.1.0, MPFR version 3.1.4, MPC version 1.0.3, isl version isl-0.16.1-GMP

GGC heuristics: --param ggc-min-expand=100 --param ggc-min-heapsize=131072
ignoring nonexistent directory "/usr/local/lib/gcc/aarch64-unknown-linux-gnu/7.5.0/../../../../aarch64-unknown-linux-gnu/include"
#include "..." search starts here:
#include <...> search starts here:
 /usr/local/lib/gcc/aarch64-unknown-linux-gnu/7.5.0/include
 /usr/local/include
 /usr/local/lib/gcc/aarch64-unknown-linux-gnu/7.5.0/include-fixed
 /usr/include
End of search list.
GNU C11 (GCC) version 7.5.0 (aarch64-unknown-linux-gnu)
	compiled by GNU C version 7.5.0, GMP version 6.1.0, MPFR version 3.1.4, MPC version 1.0.3, isl version isl-0.16.1-GMP

GGC heuristics: --param ggc-min-expand=100 --param ggc-min-heapsize=131072
Compiler executable checksum: 56648272c7f9110878f8f03eef49be93
COLLECT_GCC_OPTIONS='-v' '-o' 'CMakeFiles/cmTC_92691.dir/CMakeCCompilerABI.c.o' '-c' '-mlittle-endian' '-mabi=lp64'
 as -v -EL -mabi=lp64 -o CMakeFiles/cmTC_92691.dir/CMakeCCompilerABI.c.o /tmp/ccFsnQn1.s
GNU assembler version 2.34 (aarch64-openEuler-linux) using BFD version (GNU Binutils) 2.34
COMPILER_PATH=/usr/local/libexec/gcc/aarch64-unknown-linux-gnu/7.5.0/:/usr/local/libexec/gcc/aarch64-unknown-linux-gnu/7.5.0/:/usr/local/libexec/gcc/aarch64-unknown-linux-gnu/:/usr/local/lib/gcc/aarch64-unknown-linux-gnu/7.5.0/:/usr/local/lib/gcc/aarch64-unknown-linux-gnu/
LIBRARY_PATH=/usr/local/lib/gcc/aarch64-unknown-linux-gnu/7.5.0/:/usr/local/lib/gcc/aarch64-unknown-linux-gnu/7.5.0/../../../../lib64/:/lib/../lib64/:/usr/lib/../lib64/:/usr/local/lib/gcc/aarch64-unknown-linux-gnu/7.5.0/../../../:/lib/:/usr/lib/
COLLECT_GCC_OPTIONS='-v' '-o' 'CMakeFiles/cmTC_92691.dir/CMakeCCompilerABI.c.o' '-c' '-mlittle-endian' '-mabi=lp64'
Linking C executable cmTC_92691
/usr/local/bin/cmake -E cmake_link_script CMakeFiles/cmTC_92691.dir/link.txt --verbose=1
/usr/local/bin/gcc  -v CMakeFiles/cmTC_92691.dir/CMakeCCompilerABI.c.o -o cmTC_92691 
Using built-in specs.
COLLECT_GCC=/usr/local/bin/gcc
COLLECT_LTO_WRAPPER=/usr/local/libexec/gcc/aarch64-unknown-linux-gnu/7.5.0/lto-wrapper
Target: aarch64-unknown-linux-gnu
Configured with: ../configure --enable-bootstrap --enable-shared --enable-threads=posix --enable-checking=release --with-system-zlib --enable-__cxa_atexit --disable-libunwind-exceptions --enable-gnu-unique-object --enable-linker-build-id --with-linker-hash-style=gnu --enable-languages=c,c++,fortran --enable-plugin --enable-initfini-array --disable-libgcj --enable-gnu-indirect-functio --disable-multilib
Thread model: posix
gcc version 7.5.0 (GCC) 
COMPILER_PATH=/usr/local/libexec/gcc/aarch64-unknown-linux-gnu/7.5.0/:/usr/local/libexec/gcc/aarch64-unknown-linux-gnu/7.5.0/:/usr/local/libexec/gcc/aarch64-unknown-linux-gnu/:/usr/local/lib/gcc/aarch64-unknown-linux-gnu/7.5.0/:/usr/local/lib/gcc/aarch64-unknown-linux-gnu/
LIBRARY_PATH=/usr/local/lib/gcc/aarch64-unknown-linux-gnu/7.5.0/:/usr/local/lib/gcc/aarch64-unknown-linux-gnu/7.5.0/../../../../lib64/:/lib/../lib64/:/usr/lib/../lib64/:/usr/local/lib/gcc/aarch64-unknown-linux-gnu/7.5.0/../../../:/lib/:/usr/lib/
COLLECT_GCC_OPTIONS='-v' '-o' 'cmTC_92691' '-mlittle-endian' '-mabi=lp64'
 /usr/local/libexec/gcc/aarch64-unknown-linux-gnu/7.5.0/collect2 -plugin /usr/local/libexec/gcc/aarch64-unknown-linux-gnu/7.5.0/liblto_plugin.so -plugin-opt=/usr/local/libexec/gcc/aarch64-unknown-linux-gnu/7.5.0/lto-wrapper -plugin-opt=-fresolution=/tmp/cccFq003.res -plugin-opt=-pass-through=-lgcc -plugin-opt=-pass-through=-lgcc_s -plugin-opt=-pass-through=-lc -plugin-opt=-pass-through=-lgcc -plugin-opt=-pass-through=-lgcc_s --build-id --eh-frame-hdr --hash-style=gnu -dynamic-linker /lib/ld-linux-aarch64.so.1 -X -EL -maarch64linux -o cmTC_92691 /lib/../lib64/crt1.o /lib/../lib64/crti.o /usr/local/lib/gcc/aarch64-unknown-linux-gnu/7.5.0/crtbegin.o -L/usr/local/lib/gcc/aarch64-unknown-linux-gnu/7.5.0 -L/usr/local/lib/gcc/aarch64-unknown-linux-gnu/7.5.0/../../../../lib64 -L/lib/../lib64 -L/usr/lib/../lib64 -L/usr/local/lib/gcc/aarch64-unknown-linux-gnu/7.5.0/../../.. CMakeFiles/cmTC_92691.dir/CMakeCCompilerABI.c.o -lgcc --as-needed -lgcc_s --no-as-needed -lc -lgcc --as-needed -lgcc_s --no-as-needed /usr/local/lib/gcc/aarch64-unknown-linux-gnu/7.5.0/crtend.o /lib/../lib64/crtn.o
COLLECT_GCC_OPTIONS='-v' '-o' 'cmTC_92691' '-mlittle-endian' '-mabi=lp64'
gmake[1]: Leaving directory '/home/wangluhan/code/IPDPS/looynu/VNEC/build/CMakeFiles/CMakeTmp'



Parsed C implicit include dir info from above output: rv=done
  found start of include info
  found start of implicit include info
    add: [/usr/local/lib/gcc/aarch64-unknown-linux-gnu/7.5.0/include]
    add: [/usr/local/include]
    add: [/usr/local/lib/gcc/aarch64-unknown-linux-gnu/7.5.0/include-fixed]
    add: [/usr/include]
  end of search list found
  collapse include dir [/usr/local/lib/gcc/aarch64-unknown-linux-gnu/7.5.0/include] ==> [/usr/local/lib/gcc/aarch64-unknown-linux-gnu/7.5.0/include]
  collapse include dir [/usr/local/include] ==> [/usr/local/include]
  collapse include dir [/usr/local/lib/gcc/aarch64-unknown-linux-gnu/7.5.0/include-fixed] ==> [/usr/local/lib/gcc/aarch64-unknown-linux-gnu/7.5.0/include-fixed]
  collapse include dir [/usr/include] ==> [/usr/include]
  implicit include dirs: [/usr/local/lib/gcc/aarch64-unknown-linux-gnu/7.5.0/include;/usr/local/include;/usr/local/lib/gcc/aarch64-unknown-linux-gnu/7.5.0/include-fixed;/usr/include]


Parsed C implicit link information from above output:
  link line regex: [^( *|.*[/\])(ld|CMAKE_LINK_STARTFILE-NOTFOUND|([^/\]+-)?ld|collect2)[^/\]*( |$)]
  ignore line: [Change Dir: /home/wangluhan/code/IPDPS/looynu/VNEC/build/CMakeFiles/CMakeTmp]
  ignore line: []
  ignore line: [Run Build Command(s):/usr/bin/gmake -f Makefile cmTC_92691/fast && /usr/bin/gmake  -f CMakeFiles/cmTC_92691.dir/build.make CMakeFiles/cmTC_92691.dir/build]
  ignore line: [gmake[1]: Entering directory '/home/wangluhan/code/IPDPS/looynu/VNEC/build/CMakeFiles/CMakeTmp']
  ignore line: [Building C object CMakeFiles/cmTC_92691.dir/CMakeCCompilerABI.c.o]
  ignore line: [/usr/local/bin/gcc   -v -o CMakeFiles/cmTC_92691.dir/CMakeCCompilerABI.c.o -c /usr/local/share/cmake-3.20/Modules/CMakeCCompilerABI.c]
  ignore line: [Using built-in specs.]
  ignore line: [COLLECT_GCC=/usr/local/bin/gcc]
  ignore line: [Target: aarch64-unknown-linux-gnu]
  ignore line: [Configured with: ../configure --enable-bootstrap --enable-shared --enable-threads=posix --enable-checking=release --with-system-zlib --enable-__cxa_atexit --disable-libunwind-exceptions --enable-gnu-unique-object --enable-linker-build-id --with-linker-hash-style=gnu --enable-languages=c c++ fortran --enable-plugin --enable-initfini-array --disable-libgcj --enable-gnu-indirect-functio --disable-multilib]
  ignore line: [Thread model: posix]
  ignore line: [gcc version 7.5.0 (GCC) ]
  ignore line: [COLLECT_GCC_OPTIONS='-v' '-o' 'CMakeFiles/cmTC_92691.dir/CMakeCCompilerABI.c.o' '-c' '-mlittle-endian' '-mabi=lp64']
  ignore line: [ /usr/local/libexec/gcc/aarch64-unknown-linux-gnu/7.5.0/cc1 -quiet -v /usr/local/share/cmake-3.20/Modules/CMakeCCompilerABI.c -quiet -dumpbase CMakeCCompilerABI.c -mlittle-endian -mabi=lp64 -auxbase-strip CMakeFiles/cmTC_92691.dir/CMakeCCompilerABI.c.o -version -o /tmp/ccFsnQn1.s]
  ignore line: [GNU C11 (GCC) version 7.5.0 (aarch64-unknown-linux-gnu)]
  ignore line: [	compiled by GNU C version 7.5.0  GMP version 6.1.0  MPFR version 3.1.4  MPC version 1.0.3  isl version isl-0.16.1-GMP]
  ignore line: []
  ignore line: [GGC heuristics: --param ggc-min-expand=100 --param ggc-min-heapsize=131072]
  ignore line: [ignoring nonexistent directory "/usr/local/lib/gcc/aarch64-unknown-linux-gnu/7.5.0/../../../../aarch64-unknown-linux-gnu/include"]
  ignore line: [#include "..." search starts here:]
  ignore line: [#include <...> search starts here:]
  ignore line: [ /usr/local/lib/gcc/aarch64-unknown-linux-gnu/7.5.0/include]
  ignore line: [ /usr/local/include]
  ignore line: [ /usr/local/lib/gcc/aarch64-unknown-linux-gnu/7.5.0/include-fixed]
  ignore line: [ /usr/include]
  ignore line: [End of search list.]
  ignore line: [GNU C11 (GCC) version 7.5.0 (aarch64-unknown-linux-gnu)]
  ignore line: [	compiled by GNU C version 7.5.0  GMP version 6.1.0  MPFR version 3.1.4  MPC version 1.0.3  isl version isl-0.16.1-GMP]
  ignore line: []
  ignore line: [GGC heuristics: --param ggc-min-expand=100 --param ggc-min-heapsize=131072]
  ignore line: [Compiler executable checksum: 56648272c7f9110878f8f03eef49be93]
  ignore line: [COLLECT_GCC_OPTIONS='-v' '-o' 'CMakeFiles/cmTC_92691.dir/CMakeCCompilerABI.c.o' '-c' '-mlittle-endian' '-mabi=lp64']
  ignore line: [ as -v -EL -mabi=lp64 -o CMakeFiles/cmTC_92691.dir/CMakeCCompilerABI.c.o /tmp/ccFsnQn1.s]
  ignore line: [GNU assembler version 2.34 (aarch64-openEuler-linux) using BFD version (GNU Binutils) 2.34]
  ignore line: [COMPILER_PATH=/usr/local/libexec/gcc/aarch64-unknown-linux-gnu/7.5.0/:/usr/local/libexec/gcc/aarch64-unknown-linux-gnu/7.5.0/:/usr/local/libexec/gcc/aarch64-unknown-linux-gnu/:/usr/local/lib/gcc/aarch64-unknown-linux-gnu/7.5.0/:/usr/local/lib/gcc/aarch64-unknown-linux-gnu/]
  ignore line: [LIBRARY_PATH=/usr/local/lib/gcc/aarch64-unknown-linux-gnu/7.5.0/:/usr/local/lib/gcc/aarch64-unknown-linux-gnu/7.5.0/../../../../lib64/:/lib/../lib64/:/usr/lib/../lib64/:/usr/local/lib/gcc/aarch64-unknown-linux-gnu/7.5.0/../../../:/lib/:/usr/lib/]
  ignore line: [COLLECT_GCC_OPTIONS='-v' '-o' 'CMakeFiles/cmTC_92691.dir/CMakeCCompilerABI.c.o' '-c' '-mlittle-endian' '-mabi=lp64']
  ignore line: [Linking C executable cmTC_92691]
  ignore line: [/usr/local/bin/cmake -E cmake_link_script CMakeFiles/cmTC_92691.dir/link.txt --verbose=1]
  ignore line: [/usr/local/bin/gcc  -v CMakeFiles/cmTC_92691.dir/CMakeCCompilerABI.c.o -o cmTC_92691 ]
  ignore line: [Using built-in specs.]
  ignore line: [COLLECT_GCC=/usr/local/bin/gcc]
  ignore line: [COLLECT_LTO_WRAPPER=/usr/local/libexec/gcc/aarch64-unknown-linux-gnu/7.5.0/lto-wrapper]
  ignore line: [Target: aarch64-unknown-linux-gnu]
  ignore line: [Configured with: ../configure --enable-bootstrap --enable-shared --enable-threads=posix --enable-checking=release --with-system-zlib --enable-__cxa_atexit --disable-libunwind-exceptions --enable-gnu-unique-object --enable-linker-build-id --with-linker-hash-style=gnu --enable-languages=c c++ fortran --enable-plugin --enable-initfini-array --disable-libgcj --enable-gnu-indirect-functio --disable-multilib]
  ignore line: [Thread model: posix]
  ignore line: [gcc version 7.5.0 (GCC) ]
  ignore line: [COMPILER_PATH=/usr/local/libexec/gcc/aarch64-unknown-linux-gnu/7.5.0/:/usr/local/libexec/gcc/aarch64-unknown-linux-gnu/7.5.0/:/usr/local/libexec/gcc/aarch64-unknown-linux-gnu/:/usr/local/lib/gcc/aarch64-unknown-linux-gnu/7.5.0/:/usr/local/lib/gcc/aarch64-unknown-linux-gnu/]
  ignore line: [LIBRARY_PATH=/usr/local/lib/gcc/aarch64-unknown-linux-gnu/7.5.0/:/usr/local/lib/gcc/aarch64-unknown-linux-gnu/7.5.0/../../../../lib64/:/lib/../lib64/:/usr/lib/../lib64/:/usr/local/lib/gcc/aarch64-unknown-linux-gnu/7.5.0/../../../:/lib/:/usr/lib/]
  ignore line: [COLLECT_GCC_OPTIONS='-v' '-o' 'cmTC_92691' '-mlittle-endian' '-mabi=lp64']
  link line: [ /usr/local/libexec/gcc/aarch64-unknown-linux-gnu/7.5.0/collect2 -plugin /usr/local/libexec/gcc/aarch64-unknown-linux-gnu/7.5.0/liblto_plugin.so -plugin-opt=/usr/local/libexec/gcc/aarch64-unknown-linux-gnu/7.5.0/lto-wrapper -plugin-opt=-fresolution=/tmp/cccFq003.res -plugin-opt=-pass-through=-lgcc -plugin-opt=-pass-through=-lgcc_s -plugin-opt=-pass-through=-lc -plugin-opt=-pass-through=-lgcc -plugin-opt=-pass-through=-lgcc_s --build-id --eh-frame-hdr --hash-style=gnu -dynamic-linker /lib/ld-linux-aarch64.so.1 -X -EL -maarch64linux -o cmTC_92691 /lib/../lib64/crt1.o /lib/../lib64/crti.o /usr/local/lib/gcc/aarch64-unknown-linux-gnu/7.5.0/crtbegin.o -L/usr/local/lib/gcc/aarch64-unknown-linux-gnu/7.5.0 -L/usr/local/lib/gcc/aarch64-unknown-linux-gnu/7.5.0/../../../../lib64 -L/lib/../lib64 -L/usr/lib/../lib64 -L/usr/local/lib/gcc/aarch64-unknown-linux-gnu/7.5.0/../../.. CMakeFiles/cmTC_92691.dir/CMakeCCompilerABI.c.o -lgcc --as-needed -lgcc_s --no-as-needed -lc -lgcc --as-needed -lgcc_s --no-as-needed /usr/local/lib/gcc/aarch64-unknown-linux-gnu/7.5.0/crtend.o /lib/../lib64/crtn.o]
    arg [/usr/local/libexec/gcc/aarch64-unknown-linux-gnu/7.5.0/collect2] ==> ignore
    arg [-plugin] ==> ignore
    arg [/usr/local/libexec/gcc/aarch64-unknown-linux-gnu/7.5.0/liblto_plugin.so] ==> ignore
    arg [-plugin-opt=/usr/local/libexec/gcc/aarch64-unknown-linux-gnu/7.5.0/lto-wrapper] ==> ignore
    arg [-plugin-opt=-fresolution=/tmp/cccFq003.res] ==> ignore
    arg [-plugin-opt=-pass-through=-lgcc] ==> ignore
    arg [-plugin-opt=-pass-through=-lgcc_s] ==> ignore
    arg [-plugin-opt=-pass-through=-lc] ==> ignore
    arg [-plugin-opt=-pass-through=-lgcc] ==> ignore
    arg [-plugin-opt=-pass-through=-lgcc_s] ==> ignore
    arg [--build-id] ==> ignore
    arg [--eh-frame-hdr] ==> ignore
    arg [--hash-style=gnu] ==> ignore
    arg [-dynamic-linker] ==> ignore
    arg [/lib/ld-linux-aarch64.so.1] ==> ignore
    arg [-X] ==> ignore
    arg [-EL] ==> ignore
    arg [-maarch64linux] ==> ignore
    arg [-o] ==> ignore
    arg [cmTC_92691] ==> ignore
    arg [/lib/../lib64/crt1.o] ==> obj [/lib/../lib64/crt1.o]
    arg [/lib/../lib64/crti.o] ==> obj [/lib/../lib64/crti.o]
    arg [/usr/local/lib/gcc/aarch64-unknown-linux-gnu/7.5.0/crtbegin.o] ==> obj [/usr/local/lib/gcc/aarch64-unknown-linux-gnu/7.5.0/crtbegin.o]
    arg [-L/usr/local/lib/gcc/aarch64-unknown-linux-gnu/7.5.0] ==> dir [/usr/local/lib/gcc/aarch64-unknown-linux-gnu/7.5.0]
    arg [-L/usr/local/lib/gcc/aarch64-unknown-linux-gnu/7.5.0/../../../../lib64] ==> dir [/usr/local/lib/gcc/aarch64-unknown-linux-gnu/7.5.0/../../../../lib64]
    arg [-L/lib/../lib64] ==> dir [/lib/../lib64]
    arg [-L/usr/lib/../lib64] ==> dir [/usr/lib/../lib64]
    arg [-L/usr/local/lib/gcc/aarch64-unknown-linux-gnu/7.5.0/../../..] ==> dir [/usr/local/lib/gcc/aarch64-unknown-linux-gnu/7.5.0/../../..]
    arg [CMakeFiles/cmTC_92691.dir/CMakeCCompilerABI.c.o] ==> ignore
    arg [-lgcc] ==> lib [gcc]
    arg [--as-needed] ==> ignore
    arg [-lgcc_s] ==> lib [gcc_s]
    arg [--no-as-needed] ==> ignore
    arg [-lc] ==> lib [c]
    arg [-lgcc] ==> lib [gcc]
    arg [--as-needed] ==> ignore
    arg [-lgcc_s] ==> lib [gcc_s]
    arg [--no-as-needed] ==> ignore
    arg [/usr/local/lib/gcc/aarch64-unknown-linux-gnu/7.5.0/crtend.o] ==> obj [/usr/local/lib/gcc/aarch64-unknown-linux-gnu/7.5.0/crtend.o]
    arg [/lib/../lib64/crtn.o] ==> obj [/lib/../lib64/crtn.o]
  collapse obj [/lib/../lib64/crt1.o] ==> [/lib64/crt1.o]
  collapse obj [/lib/../lib64/crti.o] ==> [/lib64/crti.o]
  collapse obj [/lib/../lib64/crtn.o] ==> [/lib64/crtn.o]
  collapse library dir [/usr/local/lib/gcc/aarch64-unknown-linux-gnu/7.5.0] ==> [/usr/local/lib/gcc/aarch64-unknown-linux-gnu/7.5.0]
  collapse library dir [/usr/local/lib/gcc/aarch64-unknown-linux-gnu/7.5.0/../../../../lib64] ==> [/usr/local/lib64]
  collapse library dir [/lib/../lib64] ==> [/lib64]
  collapse library dir [/usr/lib/../lib64] ==> [/usr/lib64]
  collapse library dir [/usr/local/lib/gcc/aarch64-unknown-linux-gnu/7.5.0/../../..] ==> [/usr/local/lib]
  implicit libs: [gcc;gcc_s;c;gcc;gcc_s]
  implicit objs: [/lib64/crt1.o;/lib64/crti.o;/usr/local/lib/gcc/aarch64-unknown-linux-gnu/7.5.0/crtbegin.o;/usr/local/lib/gcc/aarch64-unknown-linux-gnu/7.5.0/crtend.o;/lib64/crtn.o]
  implicit dirs: [/usr/local/lib/gcc/aarch64-unknown-linux-gnu/7.5.0;/usr/local/lib64;/lib64;/usr/lib64;/usr/local/lib]
  implicit fwks: []


Detecting C OpenMP compiler ABI info compiled with the following output:
Change Dir: /home/wangluhan/code/IPDPS/looynu/VNEC/build/CMakeFiles/CMakeTmp

Run Build Command(s):/usr/bin/gmake -f Makefile cmTC_9dcf4/fast && /usr/bin/gmake  -f CMakeFiles/cmTC_9dcf4.dir/build.make CMakeFiles/cmTC_9dcf4.dir/build
gmake[1]: Entering directory '/home/wangluhan/code/IPDPS/looynu/VNEC/build/CMakeFiles/CMakeTmp'
Building C object CMakeFiles/cmTC_9dcf4.dir/OpenMPTryFlag.c.o
/usr/local/bin/gcc   -fopenmp -v -o CMakeFiles/cmTC_9dcf4.dir/OpenMPTryFlag.c.o -c /home/wangluhan/code/IPDPS/looynu/VNEC/build/CMakeFiles/FindOpenMP/OpenMPTryFlag.c
Using built-in specs.
COLLECT_GCC=/usr/local/bin/gcc
Target: aarch64-unknown-linux-gnu
Configured with: ../configure --enable-bootstrap --enable-shared --enable-threads=posix --enable-checking=release --with-system-zlib --enable-__cxa_atexit --disable-libunwind-exceptions --enable-gnu-unique-object --enable-linker-build-id --with-linker-hash-style=gnu --enable-languages=c,c++,fortran --enable-plugin --enable-initfini-array --disable-libgcj --enable-gnu-indirect-functio --disable-multilib
Thread model: posix
gcc version 7.5.0 (GCC) 
COLLECT_GCC_OPTIONS='-fopenmp' '-v' '-o' 'CMakeFiles/cmTC_9dcf4.dir/OpenMPTryFlag.c.o' '-c' '-mlittle-endian' '-mabi=lp64' '-pthread'
 /usr/local/libexec/gcc/aarch64-unknown-linux-gnu/7.5.0/cc1 -quiet -v -D_REENTRANT /home/wangluhan/code/IPDPS/looynu/VNEC/build/CMakeFiles/FindOpenMP/OpenMPTryFlag.c -quiet -dumpbase OpenMPTryFlag.c -mlittle-endian -mabi=lp64 -auxbase-strip CMakeFiles/cmTC_9dcf4.dir/OpenMPTryFlag.c.o -version -fopenmp -o /tmp/cc9eWl27.s
GNU C11 (GCC) version 7.5.0 (aarch64-unknown-linux-gnu)
	compiled by GNU C version 7.5.0, GMP version 6.1.0, MPFR version 3.1.4, MPC version 1.0.3, isl version isl-0.16.1-GMP

GGC heuristics: --param ggc-min-expand=100 --param ggc-min-heapsize=131072
ignoring nonexistent directory "/usr/local/lib/gcc/aarch64-unknown-linux-gnu/7.5.0/../../../../aarch64-unknown-linux-gnu/include"
#include "..." search starts here:
#include <...> search starts here:
 /usr/local/lib/gcc/aarch64-unknown-linux-gnu/7.5.0/include
 /usr/local/include
 /usr/local/lib/gcc/aarch64-unknown-linux-gnu/7.5.0/include-fixed
 /usr/include
End of search list.
GNU C11 (GCC) version 7.5.0 (aarch64-unknown-linux-gnu)
	compiled by GNU C version 7.5.0, GMP version 6.1.0, MPFR version 3.1.4, MPC version 1.0.3, isl version isl-0.16.1-GMP

GGC heuristics: --param ggc-min-expand=100 --param ggc-min-heapsize=131072
Compiler executable checksum: 56648272c7f9110878f8f03eef49be93
COLLECT_GCC_OPTIONS='-fopenmp' '-v' '-o' 'CMakeFiles/cmTC_9dcf4.dir/OpenMPTryFlag.c.o' '-c' '-mlittle-endian' '-mabi=lp64' '-pthread'
 as -v -EL -mabi=lp64 -o CMakeFiles/cmTC_9dcf4.dir/OpenMPTryFlag.c.o /tmp/cc9eWl27.s
GNU assembler version 2.34 (aarch64-openEuler-linux) using BFD version (GNU Binutils) 2.34
COMPILER_PATH=/usr/local/libexec/gcc/aarch64-unknown-linux-gnu/7.5.0/:/usr/local/libexec/gcc/aarch64-unknown-linux-gnu/7.5.0/:/usr/local/libexec/gcc/aarch64-unknown-linux-gnu/:/usr/local/lib/gcc/aarch64-unknown-linux-gnu/7.5.0/:/usr/local/lib/gcc/aarch64-unknown-linux-gnu/
LIBRARY_PATH=/usr/local/lib/gcc/aarch64-unknown-linux-gnu/7.5.0/:/usr/local/lib/gcc/aarch64-unknown-linux-gnu/7.5.0/../../../../lib64/:/lib/../lib64/:/usr/lib/../lib64/:/usr/local/lib/gcc/aarch64-unknown-linux-gnu/7.5.0/../../../:/lib/:/usr/lib/
COLLECT_GCC_OPTIONS='-fopenmp' '-v' '-o' 'CMakeFiles/cmTC_9dcf4.dir/OpenMPTryFlag.c.o' '-c' '-mlittle-endian' '-mabi=lp64' '-pthread'
Linking C executable cmTC_9dcf4
/usr/local/bin/cmake -E cmake_link_script CMakeFiles/cmTC_9dcf4.dir/link.txt --verbose=1
/usr/local/bin/gcc  -fopenmp -v CMakeFiles/cmTC_9dcf4.dir/OpenMPTryFlag.c.o -o cmTC_9dcf4  -v 
Using built-in specs.
COLLECT_GCC=/usr/local/bin/gcc
COLLECT_LTO_WRAPPER=/usr/local/libexec/gcc/aarch64-unknown-linux-gnu/7.5.0/lto-wrapper
Target: aarch64-unknown-linux-gnu
Configured with: ../configure --enable-bootstrap --enable-shared --enable-threads=posix --enable-checking=release --with-system-zlib --enable-__cxa_atexit --disable-libunwind-exceptions --enable-gnu-unique-object --enable-linker-build-id --with-linker-hash-style=gnu --enable-languages=c,c++,fortran --enable-plugin --enable-initfini-array --disable-libgcj --enable-gnu-indirect-functio --disable-multilib
Thread model: posix
gcc version 7.5.0 (GCC) 
COMPILER_PATH=/usr/local/libexec/gcc/aarch64-unknown-linux-gnu/7.5.0/:/usr/local/libexec/gcc/aarch64-unknown-linux-gnu/7.5.0/:/usr/local/libexec/gcc/aarch64-unknown-linux-gnu/:/usr/local/lib/gcc/aarch64-unknown-linux-gnu/7.5.0/:/usr/local/lib/gcc/aarch64-unknown-linux-gnu/
LIBRARY_PATH=/usr/local/lib/gcc/aarch64-unknown-linux-gnu/7.5.0/:/usr/local/lib/gcc/aarch64-unknown-linux-gnu/7.5.0/../../../../lib64/:/lib/../lib64/:/usr/lib/../lib64/:/usr/local/lib/gcc/aarch64-unknown-linux-gnu/7.5.0/../../../:/lib/:/usr/lib/
Reading specs from /usr/local/lib/gcc/aarch64-unknown-linux-gnu/7.5.0/../../../../lib64/libgomp.spec
COLLECT_GCC_OPTIONS='-fopenmp' '-v' '-o' 'cmTC_9dcf4' '-v' '-mlittle-endian' '-mabi=lp64' '-pthread'
 /usr/local/libexec/gcc/aarch64-unknown-linux-gnu/7.5.0/collect2 -plugin /usr/local/libexec/gcc/aarch64-unknown-linux-gnu/7.5.0/liblto_plugin.so -plugin-opt=/usr/local/libexec/gcc/aarch64-unknown-linux-gnu/7.5.0/lto-wrapper -plugin-opt=-fresolution=/tmp/ccihUo96.res -plugin-opt=-pass-through=-lgcc -plugin-opt=-pass-through=-lgcc_s -plugin-opt=-pass-through=-lpthread -plugin-opt=-pass-through=-lc -plugin-opt=-pass-through=-lgcc -plugin-opt=-pass-through=-lgcc_s --build-id --eh-frame-hdr --hash-style=gnu -dynamic-linker /lib/ld-linux-aarch64.so.1 -X -EL -maarch64linux -o cmTC_9dcf4 /lib/../lib64/crt1.o /lib/../lib64/crti.o /usr/local/lib/gcc/aarch64-unknown-linux-gnu/7.5.0/crtbegin.o -L/usr/local/lib/gcc/aarch64-unknown-linux-gnu/7.5.0 -L/usr/local/lib/gcc/aarch64-unknown-linux-gnu/7.5.0/../../../../lib64 -L/lib/../lib64 -L/usr/lib/../lib64 -L/usr/local/lib/gcc/aarch64-unknown-linux-gnu/7.5.0/../../.. CMakeFiles/cmTC_9dcf4.dir/OpenMPTryFlag.c.o -lgomp -lgcc --as-needed -lgcc_s --no-as-needed -lpthread -lc -lgcc --as-needed -lgcc_s --no-as-needed /usr/local/lib/gcc/aarch64-unknown-linux-gnu/7.5.0/crtend.o /lib/../lib64/crtn.o
COLLECT_GCC_OPTIONS='-fopenmp' '-v' '-o' 'cmTC_9dcf4' '-v' '-mlittle-endian' '-mabi=lp64' '-pthread'
gmake[1]: Leaving directory '/home/wangluhan/code/IPDPS/looynu/VNEC/build/CMakeFiles/CMakeTmp'



Parsed C OpenMP implicit link information from above output:
  link line regex: [^( *|.*[/\])(ld|CMAKE_LINK_STARTFILE-NOTFOUND|([^/\]+-)?ld|collect2)[^/\]*( |$)]
  ignore line: [Change Dir: /home/wangluhan/code/IPDPS/looynu/VNEC/build/CMakeFiles/CMakeTmp]
  ignore line: []
  ignore line: [Run Build Command(s):/usr/bin/gmake -f Makefile cmTC_9dcf4/fast && /usr/bin/gmake  -f CMakeFiles/cmTC_9dcf4.dir/build.make CMakeFiles/cmTC_9dcf4.dir/build]
  ignore line: [gmake[1]: Entering directory '/home/wangluhan/code/IPDPS/looynu/VNEC/build/CMakeFiles/CMakeTmp']
  ignore line: [Building C object CMakeFiles/cmTC_9dcf4.dir/OpenMPTryFlag.c.o]
  ignore line: [/usr/local/bin/gcc   -fopenmp -v -o CMakeFiles/cmTC_9dcf4.dir/OpenMPTryFlag.c.o -c /home/wangluhan/code/IPDPS/looynu/VNEC/build/CMakeFiles/FindOpenMP/OpenMPTryFlag.c]
  ignore line: [Using built-in specs.]
  ignore line: [COLLECT_GCC=/usr/local/bin/gcc]
  ignore line: [Target: aarch64-unknown-linux-gnu]
  ignore line: [Configured with: ../configure --enable-bootstrap --enable-shared --enable-threads=posix --enable-checking=release --with-system-zlib --enable-__cxa_atexit --disable-libunwind-exceptions --enable-gnu-unique-object --enable-linker-build-id --with-linker-hash-style=gnu --enable-languages=c c++ fortran --enable-plugin --enable-initfini-array --disable-libgcj --enable-gnu-indirect-functio --disable-multilib]
  ignore line: [Thread model: posix]
  ignore line: [gcc version 7.5.0 (GCC) ]
  ignore line: [COLLECT_GCC_OPTIONS='-fopenmp' '-v' '-o' 'CMakeFiles/cmTC_9dcf4.dir/OpenMPTryFlag.c.o' '-c' '-mlittle-endian' '-mabi=lp64' '-pthread']
  ignore line: [ /usr/local/libexec/gcc/aarch64-unknown-linux-gnu/7.5.0/cc1 -quiet -v -D_REENTRANT /home/wangluhan/code/IPDPS/looynu/VNEC/build/CMakeFiles/FindOpenMP/OpenMPTryFlag.c -quiet -dumpbase OpenMPTryFlag.c -mlittle-endian -mabi=lp64 -auxbase-strip CMakeFiles/cmTC_9dcf4.dir/OpenMPTryFlag.c.o -version -fopenmp -o /tmp/cc9eWl27.s]
  ignore line: [GNU C11 (GCC) version 7.5.0 (aarch64-unknown-linux-gnu)]
  ignore line: [	compiled by GNU C version 7.5.0  GMP version 6.1.0  MPFR version 3.1.4  MPC version 1.0.3  isl version isl-0.16.1-GMP]
  ignore line: []
  ignore line: [GGC heuristics: --param ggc-min-expand=100 --param ggc-min-heapsize=131072]
  ignore line: [ignoring nonexistent directory "/usr/local/lib/gcc/aarch64-unknown-linux-gnu/7.5.0/../../../../aarch64-unknown-linux-gnu/include"]
  ignore line: [#include "..." search starts here:]
  ignore line: [#include <...> search starts here:]
  ignore line: [ /usr/local/lib/gcc/aarch64-unknown-linux-gnu/7.5.0/include]
  ignore line: [ /usr/local/include]
  ignore line: [ /usr/local/lib/gcc/aarch64-unknown-linux-gnu/7.5.0/include-fixed]
  ignore line: [ /usr/include]
  ignore line: [End of search list.]
  ignore line: [GNU C11 (GCC) version 7.5.0 (aarch64-unknown-linux-gnu)]
  ignore line: [	compiled by GNU C version 7.5.0  GMP version 6.1.0  MPFR version 3.1.4  MPC version 1.0.3  isl version isl-0.16.1-GMP]
  ignore line: []
  ignore line: [GGC heuristics: --param ggc-min-expand=100 --param ggc-min-heapsize=131072]
  ignore line: [Compiler executable checksum: 56648272c7f9110878f8f03eef49be93]
  ignore line: [COLLECT_GCC_OPTIONS='-fopenmp' '-v' '-o' 'CMakeFiles/cmTC_9dcf4.dir/OpenMPTryFlag.c.o' '-c' '-mlittle-endian' '-mabi=lp64' '-pthread']
  ignore line: [ as -v -EL -mabi=lp64 -o CMakeFiles/cmTC_9dcf4.dir/OpenMPTryFlag.c.o /tmp/cc9eWl27.s]
  ignore line: [GNU assembler version 2.34 (aarch64-openEuler-linux) using BFD version (GNU Binutils) 2.34]
  ignore line: [COMPILER_PATH=/usr/local/libexec/gcc/aarch64-unknown-linux-gnu/7.5.0/:/usr/local/libexec/gcc/aarch64-unknown-linux-gnu/7.5.0/:/usr/local/libexec/gcc/aarch64-unknown-linux-gnu/:/usr/local/lib/gcc/aarch64-unknown-linux-gnu/7.5.0/:/usr/local/lib/gcc/aarch64-unknown-linux-gnu/]
  ignore line: [LIBRARY_PATH=/usr/local/lib/gcc/aarch64-unknown-linux-gnu/7.5.0/:/usr/local/lib/gcc/aarch64-unknown-linux-gnu/7.5.0/../../../../lib64/:/lib/../lib64/:/usr/lib/../lib64/:/usr/local/lib/gcc/aarch64-unknown-linux-gnu/7.5.0/../../../:/lib/:/usr/lib/]
  ignore line: [COLLECT_GCC_OPTIONS='-fopenmp' '-v' '-o' 'CMakeFiles/cmTC_9dcf4.dir/OpenMPTryFlag.c.o' '-c' '-mlittle-endian' '-mabi=lp64' '-pthread']
  ignore line: [Linking C executable cmTC_9dcf4]
  ignore line: [/usr/local/bin/cmake -E cmake_link_script CMakeFiles/cmTC_9dcf4.dir/link.txt --verbose=1]
  ignore line: [/usr/local/bin/gcc  -fopenmp -v CMakeFiles/cmTC_9dcf4.dir/OpenMPTryFlag.c.o -o cmTC_9dcf4  -v ]
  ignore line: [Using built-in specs.]
  ignore line: [COLLECT_GCC=/usr/local/bin/gcc]
  ignore line: [COLLECT_LTO_WRAPPER=/usr/local/libexec/gcc/aarch64-unknown-linux-gnu/7.5.0/lto-wrapper]
  ignore line: [Target: aarch64-unknown-linux-gnu]
  ignore line: [Configured with: ../configure --enable-bootstrap --enable-shared --enable-threads=posix --enable-checking=release --with-system-zlib --enable-__cxa_atexit --disable-libunwind-exceptions --enable-gnu-unique-object --enable-linker-build-id --with-linker-hash-style=gnu --enable-languages=c c++ fortran --enable-plugin --enable-initfini-array --disable-libgcj --enable-gnu-indirect-functio --disable-multilib]
  ignore line: [Thread model: posix]
  ignore line: [gcc version 7.5.0 (GCC) ]
  ignore line: [COMPILER_PATH=/usr/local/libexec/gcc/aarch64-unknown-linux-gnu/7.5.0/:/usr/local/libexec/gcc/aarch64-unknown-linux-gnu/7.5.0/:/usr/local/libexec/gcc/aarch64-unknown-linux-gnu/:/usr/local/lib/gcc/aarch64-unknown-linux-gnu/7.5.0/:/usr/local/lib/gcc/aarch64-unknown-linux-gnu/]
  ignore line: [LIBRARY_PATH=/usr/local/lib/gcc/aarch64-unknown-linux-gnu/7.5.0/:/usr/local/lib/gcc/aarch64-unknown-linux-gnu/7.5.0/../../../../lib64/:/lib/../lib64/:/usr/lib/../lib64/:/usr/local/lib/gcc/aarch64-unknown-linux-gnu/7.5.0/../../../:/lib/:/usr/lib/]
  ignore line: [Reading specs from /usr/local/lib/gcc/aarch64-unknown-linux-gnu/7.5.0/../../../../lib64/libgomp.spec]
  ignore line: [COLLECT_GCC_OPTIONS='-fopenmp' '-v' '-o' 'cmTC_9dcf4' '-v' '-mlittle-endian' '-mabi=lp64' '-pthread']
  link line: [ /usr/local/libexec/gcc/aarch64-unknown-linux-gnu/7.5.0/collect2 -plugin /usr/local/libexec/gcc/aarch64-unknown-linux-gnu/7.5.0/liblto_plugin.so -plugin-opt=/usr/local/libexec/gcc/aarch64-unknown-linux-gnu/7.5.0/lto-wrapper -plugin-opt=-fresolution=/tmp/ccihUo96.res -plugin-opt=-pass-through=-lgcc -plugin-opt=-pass-through=-lgcc_s -plugin-opt=-pass-through=-lpthread -plugin-opt=-pass-through=-lc -plugin-opt=-pass-through=-lgcc -plugin-opt=-pass-through=-lgcc_s --build-id --eh-frame-hdr --hash-style=gnu -dynamic-linker /lib/ld-linux-aarch64.so.1 -X -EL -maarch64linux -o cmTC_9dcf4 /lib/../lib64/crt1.o /lib/../lib64/crti.o /usr/local/lib/gcc/aarch64-unknown-linux-gnu/7.5.0/crtbegin.o -L/usr/local/lib/gcc/aarch64-unknown-linux-gnu/7.5.0 -L/usr/local/lib/gcc/aarch64-unknown-linux-gnu/7.5.0/../../../../lib64 -L/lib/../lib64 -L/usr/lib/../lib64 -L/usr/local/lib/gcc/aarch64-unknown-linux-gnu/7.5.0/../../.. CMakeFiles/cmTC_9dcf4.dir/OpenMPTryFlag.c.o -lgomp -lgcc --as-needed -lgcc_s --no-as-needed -lpthread -lc -lgcc --as-needed -lgcc_s --no-as-needed /usr/local/lib/gcc/aarch64-unknown-linux-gnu/7.5.0/crtend.o /lib/../lib64/crtn.o]
    arg [/usr/local/libexec/gcc/aarch64-unknown-linux-gnu/7.5.0/collect2] ==> ignore
    arg [-plugin] ==> ignore
    arg [/usr/local/libexec/gcc/aarch64-unknown-linux-gnu/7.5.0/liblto_plugin.so] ==> ignore
    arg [-plugin-opt=/usr/local/libexec/gcc/aarch64-unknown-linux-gnu/7.5.0/lto-wrapper] ==> ignore
    arg [-plugin-opt=-fresolution=/tmp/ccihUo96.res] ==> ignore
    arg [-plugin-opt=-pass-through=-lgcc] ==> ignore
    arg [-plugin-opt=-pass-through=-lgcc_s] ==> ignore
    arg [-plugin-opt=-pass-through=-lpthread] ==> ignore
    arg [-plugin-opt=-pass-through=-lc] ==> ignore
    arg [-plugin-opt=-pass-through=-lgcc] ==> ignore
    arg [-plugin-opt=-pass-through=-lgcc_s] ==> ignore
    arg [--build-id] ==> ignore
    arg [--eh-frame-hdr] ==> ignore
    arg [--hash-style=gnu] ==> ignore
    arg [-dynamic-linker] ==> ignore
    arg [/lib/ld-linux-aarch64.so.1] ==> ignore
    arg [-X] ==> ignore
    arg [-EL] ==> ignore
    arg [-maarch64linux] ==> ignore
    arg [-o] ==> ignore
    arg [cmTC_9dcf4] ==> ignore
    arg [-L/usr/local/lib/gcc/aarch64-unknown-linux-gnu/7.5.0] ==> dir [/usr/local/lib/gcc/aarch64-unknown-linux-gnu/7.5.0]
    arg [-L/usr/local/lib/gcc/aarch64-unknown-linux-gnu/7.5.0/../../../../lib64] ==> dir [/usr/local/lib/gcc/aarch64-unknown-linux-gnu/7.5.0/../../../../lib64]
    arg [-L/lib/../lib64] ==> dir [/lib/../lib64]
    arg [-L/usr/lib/../lib64] ==> dir [/usr/lib/../lib64]
    arg [-L/usr/local/lib/gcc/aarch64-unknown-linux-gnu/7.5.0/../../..] ==> dir [/usr/local/lib/gcc/aarch64-unknown-linux-gnu/7.5.0/../../..]
    arg [CMakeFiles/cmTC_9dcf4.dir/OpenMPTryFlag.c.o] ==> ignore
    arg [-lgomp] ==> lib [gomp]
    arg [-lgcc] ==> lib [gcc]
    arg [--as-needed] ==> ignore
    arg [-lgcc_s] ==> lib [gcc_s]
    arg [--no-as-needed] ==> ignore
    arg [-lpthread] ==> lib [pthread]
    arg [-lc] ==> lib [c]
    arg [-lgcc] ==> lib [gcc]
    arg [--as-needed] ==> ignore
    arg [-lgcc_s] ==> lib [gcc_s]
    arg [--no-as-needed] ==> ignore
  collapse library dir [/usr/local/lib/gcc/aarch64-unknown-linux-gnu/7.5.0] ==> [/usr/local/lib/gcc/aarch64-unknown-linux-gnu/7.5.0]
  collapse library dir [/usr/local/lib/gcc/aarch64-unknown-linux-gnu/7.5.0/../../../../lib64] ==> [/usr/local/lib64]
  collapse library dir [/lib/../lib64] ==> [/lib64]
  collapse library dir [/usr/lib/../lib64] ==> [/usr/lib64]
  collapse library dir [/usr/local/lib/gcc/aarch64-unknown-linux-gnu/7.5.0/../../..] ==> [/usr/local/lib]
  implicit libs: [gomp;gcc;gcc_s;pthread;c;gcc;gcc_s]
  implicit objs: []
  implicit dirs: [/usr/local/lib/gcc/aarch64-unknown-linux-gnu/7.5.0;/usr/local/lib64;/lib64;/usr/lib64;/usr/local/lib]
  implicit fwks: []


Detecting CXX OpenMP compiler ABI info compiled with the following output:
Change Dir: /home/wangluhan/code/IPDPS/looynu/VNEC/build/CMakeFiles/CMakeTmp

Run Build Command(s):/usr/bin/gmake -f Makefile cmTC_2a0d1/fast && /usr/bin/gmake  -f CMakeFiles/cmTC_2a0d1.dir/build.make CMakeFiles/cmTC_2a0d1.dir/build
gmake[1]: Entering directory '/home/wangluhan/code/IPDPS/looynu/VNEC/build/CMakeFiles/CMakeTmp'
Building CXX object CMakeFiles/cmTC_2a0d1.dir/OpenMPTryFlag.cpp.o
/usr/local/bin/c++   -fopenmp -v -o CMakeFiles/cmTC_2a0d1.dir/OpenMPTryFlag.cpp.o -c /home/wangluhan/code/IPDPS/looynu/VNEC/build/CMakeFiles/FindOpenMP/OpenMPTryFlag.cpp
Using built-in specs.
COLLECT_GCC=/usr/local/bin/c++
Target: aarch64-unknown-linux-gnu
Configured with: ../configure --enable-bootstrap --enable-shared --enable-threads=posix --enable-checking=release --with-system-zlib --enable-__cxa_atexit --disable-libunwind-exceptions --enable-gnu-unique-object --enable-linker-build-id --with-linker-hash-style=gnu --enable-languages=c,c++,fortran --enable-plugin --enable-initfini-array --disable-libgcj --enable-gnu-indirect-functio --disable-multilib
Thread model: posix
gcc version 7.5.0 (GCC) 
COLLECT_GCC_OPTIONS='-fopenmp' '-v' '-o' 'CMakeFiles/cmTC_2a0d1.dir/OpenMPTryFlag.cpp.o' '-c' '-shared-libgcc' '-mlittle-endian' '-mabi=lp64' '-pthread'
 /usr/local/libexec/gcc/aarch64-unknown-linux-gnu/7.5.0/cc1plus -quiet -v -D_GNU_SOURCE -D_REENTRANT /home/wangluhan/code/IPDPS/looynu/VNEC/build/CMakeFiles/FindOpenMP/OpenMPTryFlag.cpp -quiet -dumpbase OpenMPTryFlag.cpp -mlittle-endian -mabi=lp64 -auxbase-strip CMakeFiles/cmTC_2a0d1.dir/OpenMPTryFlag.cpp.o -version -fopenmp -o /tmp/cci46dwd.s
GNU C++14 (GCC) version 7.5.0 (aarch64-unknown-linux-gnu)
	compiled by GNU C version 7.5.0, GMP version 6.1.0, MPFR version 3.1.4, MPC version 1.0.3, isl version isl-0.16.1-GMP

GGC heuristics: --param ggc-min-expand=100 --param ggc-min-heapsize=131072
ignoring nonexistent directory "/usr/local/lib/gcc/aarch64-unknown-linux-gnu/7.5.0/../../../../aarch64-unknown-linux-gnu/include"
#include "..." search starts here:
#include <...> search starts here:
 /usr/local/lib/gcc/aarch64-unknown-linux-gnu/7.5.0/../../../../include/c++/7.5.0
 /usr/local/lib/gcc/aarch64-unknown-linux-gnu/7.5.0/../../../../include/c++/7.5.0/aarch64-unknown-linux-gnu
 /usr/local/lib/gcc/aarch64-unknown-linux-gnu/7.5.0/../../../../include/c++/7.5.0/backward
 /usr/local/lib/gcc/aarch64-unknown-linux-gnu/7.5.0/include
 /usr/local/include
 /usr/local/lib/gcc/aarch64-unknown-linux-gnu/7.5.0/include-fixed
 /usr/include
End of search list.
GNU C++14 (GCC) version 7.5.0 (aarch64-unknown-linux-gnu)
	compiled by GNU C version 7.5.0, GMP version 6.1.0, MPFR version 3.1.4, MPC version 1.0.3, isl version isl-0.16.1-GMP

GGC heuristics: --param ggc-min-expand=100 --param ggc-min-heapsize=131072
Compiler executable checksum: 8d59ede15e6ef6dc7427c63fa887a5de
COLLECT_GCC_OPTIONS='-fopenmp' '-v' '-o' 'CMakeFiles/cmTC_2a0d1.dir/OpenMPTryFlag.cpp.o' '-c' '-shared-libgcc' '-mlittle-endian' '-mabi=lp64' '-pthread'
 as -v -EL -mabi=lp64 -o CMakeFiles/cmTC_2a0d1.dir/OpenMPTryFlag.cpp.o /tmp/cci46dwd.s
GNU assembler version 2.34 (aarch64-openEuler-linux) using BFD version (GNU Binutils) 2.34
COMPILER_PATH=/usr/local/libexec/gcc/aarch64-unknown-linux-gnu/7.5.0/:/usr/local/libexec/gcc/aarch64-unknown-linux-gnu/7.5.0/:/usr/local/libexec/gcc/aarch64-unknown-linux-gnu/:/usr/local/lib/gcc/aarch64-unknown-linux-gnu/7.5.0/:/usr/local/lib/gcc/aarch64-unknown-linux-gnu/
LIBRARY_PATH=/usr/local/lib/gcc/aarch64-unknown-linux-gnu/7.5.0/:/usr/local/lib/gcc/aarch64-unknown-linux-gnu/7.5.0/../../../../lib64/:/lib/../lib64/:/usr/lib/../lib64/:/usr/local/lib/gcc/aarch64-unknown-linux-gnu/7.5.0/../../../:/lib/:/usr/lib/
COLLECT_GCC_OPTIONS='-fopenmp' '-v' '-o' 'CMakeFiles/cmTC_2a0d1.dir/OpenMPTryFlag.cpp.o' '-c' '-shared-libgcc' '-mlittle-endian' '-mabi=lp64' '-pthread'
Linking CXX executable cmTC_2a0d1
/usr/local/bin/cmake -E cmake_link_script CMakeFiles/cmTC_2a0d1.dir/link.txt --verbose=1
/usr/local/bin/c++  -fopenmp -v CMakeFiles/cmTC_2a0d1.dir/OpenMPTryFlag.cpp.o -o cmTC_2a0d1  -v 
Using built-in specs.
COLLECT_GCC=/usr/local/bin/c++
COLLECT_LTO_WRAPPER=/usr/local/libexec/gcc/aarch64-unknown-linux-gnu/7.5.0/lto-wrapper
Target: aarch64-unknown-linux-gnu
Configured with: ../configure --enable-bootstrap --enable-shared --enable-threads=posix --enable-checking=release --with-system-zlib --enable-__cxa_atexit --disable-libunwind-exceptions --enable-gnu-unique-object --enable-linker-build-id --with-linker-hash-style=gnu --enable-languages=c,c++,fortran --enable-plugin --enable-initfini-array --disable-libgcj --enable-gnu-indirect-functio --disable-multilib
Thread model: posix
gcc version 7.5.0 (GCC) 
COMPILER_PATH=/usr/local/libexec/gcc/aarch64-unknown-linux-gnu/7.5.0/:/usr/local/libexec/gcc/aarch64-unknown-linux-gnu/7.5.0/:/usr/local/libexec/gcc/aarch64-unknown-linux-gnu/:/usr/local/lib/gcc/aarch64-unknown-linux-gnu/7.5.0/:/usr/local/lib/gcc/aarch64-unknown-linux-gnu/
LIBRARY_PATH=/usr/local/lib/gcc/aarch64-unknown-linux-gnu/7.5.0/:/usr/local/lib/gcc/aarch64-unknown-linux-gnu/7.5.0/../../../../lib64/:/lib/../lib64/:/usr/lib/../lib64/:/usr/local/lib/gcc/aarch64-unknown-linux-gnu/7.5.0/../../../:/lib/:/usr/lib/
Reading specs from /usr/local/lib/gcc/aarch64-unknown-linux-gnu/7.5.0/../../../../lib64/libgomp.spec
COLLECT_GCC_OPTIONS='-fopenmp' '-v' '-o' 'cmTC_2a0d1' '-v' '-shared-libgcc' '-mlittle-endian' '-mabi=lp64' '-pthread'
 /usr/local/libexec/gcc/aarch64-unknown-linux-gnu/7.5.0/collect2 -plugin /usr/local/libexec/gcc/aarch64-unknown-linux-gnu/7.5.0/liblto_plugin.so -plugin-opt=/usr/local/libexec/gcc/aarch64-unknown-linux-gnu/7.5.0/lto-wrapper -plugin-opt=-fresolution=/tmp/ccJBEFwb.res -plugin-opt=-pass-through=-lgcc_s -plugin-opt=-pass-through=-lgcc -plugin-opt=-pass-through=-lpthread -plugin-opt=-pass-through=-lc -plugin-opt=-pass-through=-lgcc_s -plugin-opt=-pass-through=-lgcc --build-id --eh-frame-hdr --hash-style=gnu -dynamic-linker /lib/ld-linux-aarch64.so.1 -X -EL -maarch64linux -o cmTC_2a0d1 /lib/../lib64/crt1.o /lib/../lib64/crti.o /usr/local/lib/gcc/aarch64-unknown-linux-gnu/7.5.0/crtbegin.o -L/usr/local/lib/gcc/aarch64-unknown-linux-gnu/7.5.0 -L/usr/local/lib/gcc/aarch64-unknown-linux-gnu/7.5.0/../../../../lib64 -L/lib/../lib64 -L/usr/lib/../lib64 -L/usr/local/lib/gcc/aarch64-unknown-linux-gnu/7.5.0/../../.. CMakeFiles/cmTC_2a0d1.dir/OpenMPTryFlag.cpp.o -lstdc++ -lm -lgomp -lgcc_s -lgcc -lpthread -lc -lgcc_s -lgcc /usr/local/lib/gcc/aarch64-unknown-linux-gnu/7.5.0/crtend.o /lib/../lib64/crtn.o
COLLECT_GCC_OPTIONS='-fopenmp' '-v' '-o' 'cmTC_2a0d1' '-v' '-shared-libgcc' '-mlittle-endian' '-mabi=lp64' '-pthread'
gmake[1]: Leaving directory '/home/wangluhan/code/IPDPS/looynu/VNEC/build/CMakeFiles/CMakeTmp'



Parsed CXX OpenMP implicit link information from above output:
  link line regex: [^( *|.*[/\])(ld|CMAKE_LINK_STARTFILE-NOTFOUND|([^/\]+-)?ld|collect2)[^/\]*( |$)]
  ignore line: [Change Dir: /home/wangluhan/code/IPDPS/looynu/VNEC/build/CMakeFiles/CMakeTmp]
  ignore line: []
  ignore line: [Run Build Command(s):/usr/bin/gmake -f Makefile cmTC_2a0d1/fast && /usr/bin/gmake  -f CMakeFiles/cmTC_2a0d1.dir/build.make CMakeFiles/cmTC_2a0d1.dir/build]
  ignore line: [gmake[1]: Entering directory '/home/wangluhan/code/IPDPS/looynu/VNEC/build/CMakeFiles/CMakeTmp']
  ignore line: [Building CXX object CMakeFiles/cmTC_2a0d1.dir/OpenMPTryFlag.cpp.o]
  ignore line: [/usr/local/bin/c++   -fopenmp -v -o CMakeFiles/cmTC_2a0d1.dir/OpenMPTryFlag.cpp.o -c /home/wangluhan/code/IPDPS/looynu/VNEC/build/CMakeFiles/FindOpenMP/OpenMPTryFlag.cpp]
  ignore line: [Using built-in specs.]
  ignore line: [COLLECT_GCC=/usr/local/bin/c++]
  ignore line: [Target: aarch64-unknown-linux-gnu]
  ignore line: [Configured with: ../configure --enable-bootstrap --enable-shared --enable-threads=posix --enable-checking=release --with-system-zlib --enable-__cxa_atexit --disable-libunwind-exceptions --enable-gnu-unique-object --enable-linker-build-id --with-linker-hash-style=gnu --enable-languages=c c++ fortran --enable-plugin --enable-initfini-array --disable-libgcj --enable-gnu-indirect-functio --disable-multilib]
  ignore line: [Thread model: posix]
  ignore line: [gcc version 7.5.0 (GCC) ]
  ignore line: [COLLECT_GCC_OPTIONS='-fopenmp' '-v' '-o' 'CMakeFiles/cmTC_2a0d1.dir/OpenMPTryFlag.cpp.o' '-c' '-shared-libgcc' '-mlittle-endian' '-mabi=lp64' '-pthread']
  ignore line: [ /usr/local/libexec/gcc/aarch64-unknown-linux-gnu/7.5.0/cc1plus -quiet -v -D_GNU_SOURCE -D_REENTRANT /home/wangluhan/code/IPDPS/looynu/VNEC/build/CMakeFiles/FindOpenMP/OpenMPTryFlag.cpp -quiet -dumpbase OpenMPTryFlag.cpp -mlittle-endian -mabi=lp64 -auxbase-strip CMakeFiles/cmTC_2a0d1.dir/OpenMPTryFlag.cpp.o -version -fopenmp -o /tmp/cci46dwd.s]
  ignore line: [GNU C++14 (GCC) version 7.5.0 (aarch64-unknown-linux-gnu)]
  ignore line: [	compiled by GNU C version 7.5.0  GMP version 6.1.0  MPFR version 3.1.4  MPC version 1.0.3  isl version isl-0.16.1-GMP]
  ignore line: []
  ignore line: [GGC heuristics: --param ggc-min-expand=100 --param ggc-min-heapsize=131072]
  ignore line: [ignoring nonexistent directory "/usr/local/lib/gcc/aarch64-unknown-linux-gnu/7.5.0/../../../../aarch64-unknown-linux-gnu/include"]
  ignore line: [#include "..." search starts here:]
  ignore line: [#include <...> search starts here:]
  ignore line: [ /usr/local/lib/gcc/aarch64-unknown-linux-gnu/7.5.0/../../../../include/c++/7.5.0]
  ignore line: [ /usr/local/lib/gcc/aarch64-unknown-linux-gnu/7.5.0/../../../../include/c++/7.5.0/aarch64-unknown-linux-gnu]
  ignore line: [ /usr/local/lib/gcc/aarch64-unknown-linux-gnu/7.5.0/../../../../include/c++/7.5.0/backward]
  ignore line: [ /usr/local/lib/gcc/aarch64-unknown-linux-gnu/7.5.0/include]
  ignore line: [ /usr/local/include]
  ignore line: [ /usr/local/lib/gcc/aarch64-unknown-linux-gnu/7.5.0/include-fixed]
  ignore line: [ /usr/include]
  ignore line: [End of search list.]
  ignore line: [GNU C++14 (GCC) version 7.5.0 (aarch64-unknown-linux-gnu)]
  ignore line: [	compiled by GNU C version 7.5.0  GMP version 6.1.0  MPFR version 3.1.4  MPC version 1.0.3  isl version isl-0.16.1-GMP]
  ignore line: []
  ignore line: [GGC heuristics: --param ggc-min-expand=100 --param ggc-min-heapsize=131072]
  ignore line: [Compiler executable checksum: 8d59ede15e6ef6dc7427c63fa887a5de]
  ignore line: [COLLECT_GCC_OPTIONS='-fopenmp' '-v' '-o' 'CMakeFiles/cmTC_2a0d1.dir/OpenMPTryFlag.cpp.o' '-c' '-shared-libgcc' '-mlittle-endian' '-mabi=lp64' '-pthread']
  ignore line: [ as -v -EL -mabi=lp64 -o CMakeFiles/cmTC_2a0d1.dir/OpenMPTryFlag.cpp.o /tmp/cci46dwd.s]
  ignore line: [GNU assembler version 2.34 (aarch64-openEuler-linux) using BFD version (GNU Binutils) 2.34]
  ignore line: [COMPILER_PATH=/usr/local/libexec/gcc/aarch64-unknown-linux-gnu/7.5.0/:/usr/local/libexec/gcc/aarch64-unknown-linux-gnu/7.5.0/:/usr/local/libexec/gcc/aarch64-unknown-linux-gnu/:/usr/local/lib/gcc/aarch64-unknown-linux-gnu/7.5.0/:/usr/local/lib/gcc/aarch64-unknown-linux-gnu/]
  ignore line: [LIBRARY_PATH=/usr/local/lib/gcc/aarch64-unknown-linux-gnu/7.5.0/:/usr/local/lib/gcc/aarch64-unknown-linux-gnu/7.5.0/../../../../lib64/:/lib/../lib64/:/usr/lib/../lib64/:/usr/local/lib/gcc/aarch64-unknown-linux-gnu/7.5.0/../../../:/lib/:/usr/lib/]
  ignore line: [COLLECT_GCC_OPTIONS='-fopenmp' '-v' '-o' 'CMakeFiles/cmTC_2a0d1.dir/OpenMPTryFlag.cpp.o' '-c' '-shared-libgcc' '-mlittle-endian' '-mabi=lp64' '-pthread']
  ignore line: [Linking CXX executable cmTC_2a0d1]
  ignore line: [/usr/local/bin/cmake -E cmake_link_script CMakeFiles/cmTC_2a0d1.dir/link.txt --verbose=1]
  ignore line: [/usr/local/bin/c++  -fopenmp -v CMakeFiles/cmTC_2a0d1.dir/OpenMPTryFlag.cpp.o -o cmTC_2a0d1  -v ]
  ignore line: [Using built-in specs.]
  ignore line: [COLLECT_GCC=/usr/local/bin/c++]
  ignore line: [COLLECT_LTO_WRAPPER=/usr/local/libexec/gcc/aarch64-unknown-linux-gnu/7.5.0/lto-wrapper]
  ignore line: [Target: aarch64-unknown-linux-gnu]
  ignore line: [Configured with: ../configure --enable-bootstrap --enable-shared --enable-threads=posix --enable-checking=release --with-system-zlib --enable-__cxa_atexit --disable-libunwind-exceptions --enable-gnu-unique-object --enable-linker-build-id --with-linker-hash-style=gnu --enable-languages=c c++ fortran --enable-plugin --enable-initfini-array --disable-libgcj --enable-gnu-indirect-functio --disable-multilib]
  ignore line: [Thread model: posix]
  ignore line: [gcc version 7.5.0 (GCC) ]
  ignore line: [COMPILER_PATH=/usr/local/libexec/gcc/aarch64-unknown-linux-gnu/7.5.0/:/usr/local/libexec/gcc/aarch64-unknown-linux-gnu/7.5.0/:/usr/local/libexec/gcc/aarch64-unknown-linux-gnu/:/usr/local/lib/gcc/aarch64-unknown-linux-gnu/7.5.0/:/usr/local/lib/gcc/aarch64-unknown-linux-gnu/]
  ignore line: [LIBRARY_PATH=/usr/local/lib/gcc/aarch64-unknown-linux-gnu/7.5.0/:/usr/local/lib/gcc/aarch64-unknown-linux-gnu/7.5.0/../../../../lib64/:/lib/../lib64/:/usr/lib/../lib64/:/usr/local/lib/gcc/aarch64-unknown-linux-gnu/7.5.0/../../../:/lib/:/usr/lib/]
  ignore line: [Reading specs from /usr/local/lib/gcc/aarch64-unknown-linux-gnu/7.5.0/../../../../lib64/libgomp.spec]
  ignore line: [COLLECT_GCC_OPTIONS='-fopenmp' '-v' '-o' 'cmTC_2a0d1' '-v' '-shared-libgcc' '-mlittle-endian' '-mabi=lp64' '-pthread']
  link line: [ /usr/local/libexec/gcc/aarch64-unknown-linux-gnu/7.5.0/collect2 -plugin /usr/local/libexec/gcc/aarch64-unknown-linux-gnu/7.5.0/liblto_plugin.so -plugin-opt=/usr/local/libexec/gcc/aarch64-unknown-linux-gnu/7.5.0/lto-wrapper -plugin-opt=-fresolution=/tmp/ccJBEFwb.res -plugin-opt=-pass-through=-lgcc_s -plugin-opt=-pass-through=-lgcc -plugin-opt=-pass-through=-lpthread -plugin-opt=-pass-through=-lc -plugin-opt=-pass-through=-lgcc_s -plugin-opt=-pass-through=-lgcc --build-id --eh-frame-hdr --hash-style=gnu -dynamic-linker /lib/ld-linux-aarch64.so.1 -X -EL -maarch64linux -o cmTC_2a0d1 /lib/../lib64/crt1.o /lib/../lib64/crti.o /usr/local/lib/gcc/aarch64-unknown-linux-gnu/7.5.0/crtbegin.o -L/usr/local/lib/gcc/aarch64-unknown-linux-gnu/7.5.0 -L/usr/local/lib/gcc/aarch64-unknown-linux-gnu/7.5.0/../../../../lib64 -L/lib/../lib64 -L/usr/lib/../lib64 -L/usr/local/lib/gcc/aarch64-unknown-linux-gnu/7.5.0/../../.. CMakeFiles/cmTC_2a0d1.dir/OpenMPTryFlag.cpp.o -lstdc++ -lm -lgomp -lgcc_s -lgcc -lpthread -lc -lgcc_s -lgcc /usr/local/lib/gcc/aarch64-unknown-linux-gnu/7.5.0/crtend.o /lib/../lib64/crtn.o]
    arg [/usr/local/libexec/gcc/aarch64-unknown-linux-gnu/7.5.0/collect2] ==> ignore
    arg [-plugin] ==> ignore
    arg [/usr/local/libexec/gcc/aarch64-unknown-linux-gnu/7.5.0/liblto_plugin.so] ==> ignore
    arg [-plugin-opt=/usr/local/libexec/gcc/aarch64-unknown-linux-gnu/7.5.0/lto-wrapper] ==> ignore
    arg [-plugin-opt=-fresolution=/tmp/ccJBEFwb.res] ==> ignore
    arg [-plugin-opt=-pass-through=-lgcc_s] ==> ignore
    arg [-plugin-opt=-pass-through=-lgcc] ==> ignore
    arg [-plugin-opt=-pass-through=-lpthread] ==> ignore
    arg [-plugin-opt=-pass-through=-lc] ==> ignore
    arg [-plugin-opt=-pass-through=-lgcc_s] ==> ignore
    arg [-plugin-opt=-pass-through=-lgcc] ==> ignore
    arg [--build-id] ==> ignore
    arg [--eh-frame-hdr] ==> ignore
    arg [--hash-style=gnu] ==> ignore
    arg [-dynamic-linker] ==> ignore
    arg [/lib/ld-linux-aarch64.so.1] ==> ignore
    arg [-X] ==> ignore
    arg [-EL] ==> ignore
    arg [-maarch64linux] ==> ignore
    arg [-o] ==> ignore
    arg [cmTC_2a0d1] ==> ignore
    arg [-L/usr/local/lib/gcc/aarch64-unknown-linux-gnu/7.5.0] ==> dir [/usr/local/lib/gcc/aarch64-unknown-linux-gnu/7.5.0]
    arg [-L/usr/local/lib/gcc/aarch64-unknown-linux-gnu/7.5.0/../../../../lib64] ==> dir [/usr/local/lib/gcc/aarch64-unknown-linux-gnu/7.5.0/../../../../lib64]
    arg [-L/lib/../lib64] ==> dir [/lib/../lib64]
    arg [-L/usr/lib/../lib64] ==> dir [/usr/lib/../lib64]
    arg [-L/usr/local/lib/gcc/aarch64-unknown-linux-gnu/7.5.0/../../..] ==> dir [/usr/local/lib/gcc/aarch64-unknown-linux-gnu/7.5.0/../../..]
    arg [CMakeFiles/cmTC_2a0d1.dir/OpenMPTryFlag.cpp.o] ==> ignore
    arg [-lstdc++] ==> lib [stdc++]
    arg [-lm] ==> lib [m]
    arg [-lgomp] ==> lib [gomp]
    arg [-lgcc_s] ==> lib [gcc_s]
    arg [-lgcc] ==> lib [gcc]
    arg [-lpthread] ==> lib [pthread]
    arg [-lc] ==> lib [c]
    arg [-lgcc_s] ==> lib [gcc_s]
    arg [-lgcc] ==> lib [gcc]
  collapse library dir [/usr/local/lib/gcc/aarch64-unknown-linux-gnu/7.5.0] ==> [/usr/local/lib/gcc/aarch64-unknown-linux-gnu/7.5.0]
  collapse library dir [/usr/local/lib/gcc/aarch64-unknown-linux-gnu/7.5.0/../../../../lib64] ==> [/usr/local/lib64]
  collapse library dir [/lib/../lib64] ==> [/lib64]
  collapse library dir [/usr/lib/../lib64] ==> [/usr/lib64]
  collapse library dir [/usr/local/lib/gcc/aarch64-unknown-linux-gnu/7.5.0/../../..] ==> [/usr/local/lib]
  implicit libs: [stdc++;m;gomp;gcc_s;gcc;pthread;c;gcc_s;gcc]
  implicit objs: []
  implicit dirs: [/usr/local/lib/gcc/aarch64-unknown-linux-gnu/7.5.0;/usr/local/lib64;/lib64;/usr/lib64;/usr/local/lib]
  implicit fwks: []


Determining if the include file pthread.h exists passed with the following output:
Change Dir: /home/wangluhan/code/IPDPS/looynu/VNEC/build/CMakeFiles/CMakeTmp

Run Build Command(s):/usr/bin/gmake -f Makefile cmTC_f815f/fast && /usr/bin/gmake  -f CMakeFiles/cmTC_f815f.dir/build.make CMakeFiles/cmTC_f815f.dir/build
gmake[1]: Entering directory '/home/wangluhan/code/IPDPS/looynu/VNEC/build/CMakeFiles/CMakeTmp'
Building C object CMakeFiles/cmTC_f815f.dir/CheckIncludeFile.c.o
/usr/local/bin/gcc   -DARM_NEON  -o CMakeFiles/cmTC_f815f.dir/CheckIncludeFile.c.o -c /home/wangluhan/code/IPDPS/looynu/VNEC/build/CMakeFiles/CMakeTmp/CheckIncludeFile.c
Linking C executable cmTC_f815f
/usr/local/bin/cmake -E cmake_link_script CMakeFiles/cmTC_f815f.dir/link.txt --verbose=1
/usr/local/bin/gcc   -DARM_NEON  CMakeFiles/cmTC_f815f.dir/CheckIncludeFile.c.o -o cmTC_f815f 
gmake[1]: Leaving directory '/home/wangluhan/code/IPDPS/looynu/VNEC/build/CMakeFiles/CMakeTmp'



Determining if the function pthread_create exists in the pthread passed with the following output:
Change Dir: /home/wangluhan/code/IPDPS/looynu/VNEC/build/CMakeFiles/CMakeTmp

Run Build Command(s):/usr/bin/gmake -f Makefile cmTC_884b8/fast && /usr/bin/gmake  -f CMakeFiles/cmTC_884b8.dir/build.make CMakeFiles/cmTC_884b8.dir/build
gmake[1]: Entering directory '/home/wangluhan/code/IPDPS/looynu/VNEC/build/CMakeFiles/CMakeTmp'
Building C object CMakeFiles/cmTC_884b8.dir/CheckFunctionExists.c.o
/usr/local/bin/gcc   -DARM_NEON -DCHECK_FUNCTION_EXISTS=pthread_create -o CMakeFiles/cmTC_884b8.dir/CheckFunctionExists.c.o -c /usr/local/share/cmake-3.20/Modules/CheckFunctionExists.c
Linking C executable cmTC_884b8
/usr/local/bin/cmake -E cmake_link_script CMakeFiles/cmTC_884b8.dir/link.txt --verbose=1
/usr/local/bin/gcc   -DARM_NEON -DCHECK_FUNCTION_EXISTS=pthread_create CMakeFiles/cmTC_884b8.dir/CheckFunctionExists.c.o -o cmTC_884b8  -lpthread 
gmake[1]: Leaving directory '/home/wangluhan/code/IPDPS/looynu/VNEC/build/CMakeFiles/CMakeTmp'



